<?xml version="1.0" encoding="UTF-8"?>
<coverage generated="1586563633410" clover="3.2.0">
  <project timestamp="1586563633411" name="All files">
    <metrics statements="326" coveredstatements="305" conditionals="71" coveredconditionals="65" methods="127" coveredmethods="108" elements="524" coveredelements="478" complexity="0" loc="326" ncloc="326" packages="7" files="20" classes="20">
      <package name="seubarriga">
        <metrics statements="1" coveredstatements="1" conditionals="0" coveredconditionals="0" methods="0" coveredmethods="0"/>
        <file name="knexfile.js" path="/home/rhavel/Documentos/Personal Projects/node-study/Curso Udemy - Node TDD/seubarriga/knexfile.js">
          <metrics statements="1" coveredstatements="1" conditionals="0" coveredconditionals="0" methods="0" coveredmethods="0"/>
          <line num="2" count="7" type="stmt"/>
        </file>
      </package>
      <package name="seubarriga.src">
        <metrics statements="17" coveredstatements="17" conditionals="4" coveredconditionals="4" methods="2" coveredmethods="2"/>
        <file name="app.js" path="/home/rhavel/Documentos/Personal Projects/node-study/Curso Udemy - Node TDD/seubarriga/src/app.js">
          <metrics statements="17" coveredstatements="17" conditionals="4" coveredconditionals="4" methods="2" coveredmethods="2"/>
          <line num="3" count="7" type="stmt"/>
          <line num="12" count="7" type="stmt"/>
          <line num="14" count="7" type="stmt"/>
          <line num="15" count="7" type="stmt"/>
          <line num="23" count="7" type="stmt"/>
          <line num="25" count="7" type="stmt"/>
          <line num="33" count="7" type="stmt"/>
          <line num="34" count="1" type="stmt"/>
          <line num="49" count="7" type="stmt"/>
          <line num="50" count="34" type="stmt"/>
          <line num="51" count="34" type="cond" truecount="2" falsecount="0"/>
          <line num="53" count="29" type="stmt"/>
          <line num="54" count="34" type="cond" truecount="2" falsecount="0"/>
          <line num="55" count="5" type="stmt"/>
          <line num="61" count="29" type="stmt"/>
          <line num="62" count="5" type="stmt"/>
          <line num="66" count="7" type="stmt"/>
        </file>
      </package>
      <package name="seubarriga.src.config">
        <metrics statements="28" coveredstatements="26" conditionals="2" coveredconditionals="1" methods="7" coveredmethods="6"/>
        <file name="midllewares.js" path="/home/rhavel/Documentos/Personal Projects/node-study/Curso Udemy - Node TDD/seubarriga/src/config/midllewares.js">
          <metrics statements="3" coveredstatements="3" conditionals="0" coveredconditionals="0" methods="1" coveredmethods="1"/>
          <line num="2" count="7" type="stmt"/>
          <line num="4" count="7" type="stmt"/>
          <line num="5" count="7" type="stmt"/>
        </file>
        <file name="passport.js" path="/home/rhavel/Documentos/Personal Projects/node-study/Curso Udemy - Node TDD/seubarriga/src/config/passport.js">
          <metrics statements="15" coveredstatements="13" conditionals="2" coveredconditionals="1" methods="5" coveredmethods="4"/>
          <line num="1" count="7" type="stmt"/>
          <line num="2" count="7" type="stmt"/>
          <line num="4" count="7" type="stmt"/>
          <line num="6" count="7" type="stmt"/>
          <line num="9" count="7" type="stmt"/>
          <line num="11" count="7" type="stmt"/>
          <line num="18" count="7" type="stmt"/>
          <line num="19" count="71" type="stmt"/>
          <line num="21" count="71" type="cond" truecount="1" falsecount="1"/>
          <line num="22" count="71" type="stmt"/>
          <line num="24" count="0" type="stmt"/>
          <line num="25" count="0" type="stmt"/>
          <line num="29" count="7" type="stmt"/>
          <line num="32" count="7" type="stmt"/>
          <line num="34" count="7" type="stmt"/>
        </file>
        <file name="router.js" path="/home/rhavel/Documentos/Personal Projects/node-study/Curso Udemy - Node TDD/seubarriga/src/config/router.js">
          <metrics statements="10" coveredstatements="10" conditionals="0" coveredconditionals="0" methods="1" coveredmethods="1"/>
          <line num="1" count="7" type="stmt"/>
          <line num="3" count="7" type="stmt"/>
          <line num="6" count="7" type="stmt"/>
          <line num="8" count="7" type="stmt"/>
          <line num="10" count="7" type="stmt"/>
          <line num="11" count="7" type="stmt"/>
          <line num="12" count="7" type="stmt"/>
          <line num="13" count="7" type="stmt"/>
          <line num="14" count="7" type="stmt"/>
          <line num="18" count="7" type="stmt"/>
        </file>
      </package>
      <package name="seubarriga.src.errors">
        <metrics statements="6" coveredstatements="6" conditionals="1" coveredconditionals="1" methods="2" coveredmethods="2"/>
        <file name="RecursoIndevidoError.js" path="/home/rhavel/Documentos/Personal Projects/node-study/Curso Udemy - Node TDD/seubarriga/src/errors/RecursoIndevidoError.js">
          <metrics statements="3" coveredstatements="3" conditionals="1" coveredconditionals="1" methods="1" coveredmethods="1"/>
          <line num="1" count="7" type="cond" truecount="1" falsecount="0"/>
          <line num="2" count="5" type="stmt"/>
          <line num="3" count="5" type="stmt"/>
        </file>
        <file name="ValidationError.js" path="/home/rhavel/Documentos/Personal Projects/node-study/Curso Udemy - Node TDD/seubarriga/src/errors/ValidationError.js">
          <metrics statements="3" coveredstatements="3" conditionals="0" coveredconditionals="0" methods="1" coveredmethods="1"/>
          <line num="1" count="7" type="stmt"/>
          <line num="2" count="29" type="stmt"/>
          <line num="3" count="29" type="stmt"/>
        </file>
      </package>
      <package name="seubarriga.src.routes">
        <metrics statements="144" coveredstatements="125" conditionals="10" coveredconditionals="10" methods="77" coveredmethods="59"/>
        <file name="accounts.js" path="/home/rhavel/Documentos/Personal Projects/node-study/Curso Udemy - Node TDD/seubarriga/src/routes/accounts.js">
          <metrics statements="31" coveredstatements="28" conditionals="2" coveredconditionals="2" methods="19" coveredmethods="16"/>
          <line num="1" count="7" type="stmt"/>
          <line num="2" count="7" type="stmt"/>
          <line num="4" count="7" type="stmt"/>
          <line num="6" count="7" type="stmt"/>
          <line num="12" count="7" type="stmt"/>
          <line num="13" count="7" type="stmt"/>
          <line num="17" count="7" type="cond" truecount="2" falsecount="0"/>
          <line num="18" count="3" type="stmt"/>
          <line num="19" count="4" type="stmt"/>
          <line num="20" count="3" type="stmt"/>
          <line num="23" count="7" type="stmt"/>
          <line num="24" count="3" type="stmt"/>
          <line num="26" count="1" type="stmt"/>
          <line num="27" count="2" type="stmt"/>
          <line num="30" count="7" type="stmt"/>
          <line num="31" count="1" type="stmt"/>
          <line num="32" count="1" type="stmt"/>
          <line num="33" count="0" type="stmt"/>
          <line num="36" count="7" type="stmt"/>
          <line num="37" count="1" type="stmt"/>
          <line num="38" count="1" type="stmt"/>
          <line num="39" count="0" type="stmt"/>
          <line num="42" count="7" type="stmt"/>
          <line num="43" count="1" type="stmt"/>
          <line num="44" count="1" type="stmt"/>
          <line num="45" count="0" type="stmt"/>
          <line num="49" count="7" type="stmt"/>
          <line num="50" count="2" type="stmt"/>
          <line num="51" count="1" type="stmt"/>
          <line num="52" count="1" type="stmt"/>
          <line num="55" count="7" type="stmt"/>
        </file>
        <file name="auth.js" path="/home/rhavel/Documentos/Personal Projects/node-study/Curso Udemy - Node TDD/seubarriga/src/routes/auth.js">
          <metrics statements="23" coveredstatements="22" conditionals="4" coveredconditionals="4" methods="5" coveredmethods="5"/>
          <line num="1" count="7" type="stmt"/>
          <line num="2" count="7" type="stmt"/>
          <line num="3" count="7" type="stmt"/>
          <line num="4" count="7" type="stmt"/>
          <line num="7" count="7" type="stmt"/>
          <line num="9" count="7" type="stmt"/>
          <line num="11" count="7" type="stmt"/>
          <line num="13" count="7" type="stmt"/>
          <line num="14" count="3" type="stmt"/>
          <line num="16" count="3" type="cond" truecount="2" falsecount="0"/>
          <line num="17" count="1" type="stmt"/>
          <line num="18" count="2" type="cond" truecount="2" falsecount="0"/>
          <line num="19" count="1" type="stmt"/>
          <line num="27" count="1" type="stmt"/>
          <line num="28" count="1" type="stmt"/>
          <line num="30" count="1" type="stmt"/>
          <line num="32" count="2" type="stmt"/>
          <line num="35" count="7" type="stmt"/>
          <line num="36" count="1" type="stmt"/>
          <line num="37" count="1" type="stmt"/>
          <line num="38" count="1" type="stmt"/>
          <line num="40" count="0" type="stmt"/>
          <line num="52" count="7" type="stmt"/>
        </file>
        <file name="balances.js" path="/home/rhavel/Documentos/Personal Projects/node-study/Curso Udemy - Node TDD/seubarriga/src/routes/balances.js">
          <metrics statements="8" coveredstatements="7" conditionals="0" coveredconditionals="0" methods="4" coveredmethods="3"/>
          <line num="1" count="7" type="stmt"/>
          <line num="3" count="7" type="stmt"/>
          <line num="5" count="7" type="stmt"/>
          <line num="7" count="7" type="stmt"/>
          <line num="8" count="10" type="stmt"/>
          <line num="9" count="10" type="stmt"/>
          <line num="10" count="0" type="stmt"/>
          <line num="13" count="7" type="stmt"/>
        </file>
        <file name="transactions.js" path="/home/rhavel/Documentos/Personal Projects/node-study/Curso Udemy - Node TDD/seubarriga/src/routes/transactions.js">
          <metrics statements="30" coveredstatements="25" conditionals="2" coveredconditionals="2" methods="19" coveredmethods="14"/>
          <line num="1" count="7" type="stmt"/>
          <line num="2" count="7" type="stmt"/>
          <line num="4" count="7" type="stmt"/>
          <line num="6" count="7" type="stmt"/>
          <line num="8" count="7" type="stmt"/>
          <line num="9" count="1" type="stmt"/>
          <line num="10" count="1" type="stmt"/>
          <line num="11" count="0" type="stmt"/>
          <line num="14" count="7" type="stmt"/>
          <line num="15" count="16" type="stmt"/>
          <line num="16" count="10" type="stmt"/>
          <line num="17" count="0" type="stmt"/>
          <line num="24" count="7" type="stmt"/>
          <line num="25" count="4" type="stmt"/>
          <line num="27" count="4" type="cond" truecount="2" falsecount="0"/>
          <line num="28" count="1" type="stmt"/>
          <line num="29" count="1" type="stmt"/>
          <line num="32" count="7" type="stmt"/>
          <line num="33" count="1" type="stmt"/>
          <line num="34" count="1" type="stmt"/>
          <line num="35" count="0" type="stmt"/>
          <line num="38" count="7" type="stmt"/>
          <line num="39" count="1" type="stmt"/>
          <line num="40" count="1" type="stmt"/>
          <line num="41" count="0" type="stmt"/>
          <line num="44" count="7" type="stmt"/>
          <line num="45" count="1" type="stmt"/>
          <line num="46" count="1" type="stmt"/>
          <line num="47" count="0" type="stmt"/>
          <line num="50" count="7" type="stmt"/>
        </file>
        <file name="transfers.js" path="/home/rhavel/Documentos/Personal Projects/node-study/Curso Udemy - Node TDD/seubarriga/src/routes/transfers.js">
          <metrics statements="35" coveredstatements="30" conditionals="2" coveredconditionals="2" methods="22" coveredmethods="17"/>
          <line num="1" count="7" type="stmt"/>
          <line num="2" count="7" type="stmt"/>
          <line num="4" count="7" type="stmt"/>
          <line num="6" count="7" type="stmt"/>
          <line num="8" count="7" type="stmt"/>
          <line num="9" count="11" type="stmt"/>
          <line num="11" count="11" type="cond" truecount="2" falsecount="0"/>
          <line num="12" count="10" type="stmt"/>
          <line num="13" count="1" type="stmt"/>
          <line num="17" count="7" type="stmt"/>
          <line num="19" count="18" type="stmt"/>
          <line num="20" count="4" type="stmt"/>
          <line num="21" count="14" type="stmt"/>
          <line num="24" count="7" type="stmt"/>
          <line num="25" count="1" type="stmt"/>
          <line num="26" count="1" type="stmt"/>
          <line num="27" count="0" type="stmt"/>
          <line num="31" count="7" type="stmt"/>
          <line num="32" count="3" type="stmt"/>
          <line num="33" count="3" type="stmt"/>
          <line num="34" count="3" type="stmt"/>
          <line num="35" count="0" type="stmt"/>
          <line num="38" count="7" type="stmt"/>
          <line num="39" count="1" type="stmt"/>
          <line num="40" count="1" type="stmt"/>
          <line num="41" count="0" type="stmt"/>
          <line num="45" count="7" type="stmt"/>
          <line num="47" count="1" type="stmt"/>
          <line num="48" count="1" type="stmt"/>
          <line num="49" count="0" type="stmt"/>
          <line num="52" count="7" type="stmt"/>
          <line num="53" count="1" type="stmt"/>
          <line num="54" count="1" type="stmt"/>
          <line num="55" count="0" type="stmt"/>
          <line num="58" count="7" type="stmt"/>
        </file>
        <file name="users.js" path="/home/rhavel/Documentos/Personal Projects/node-study/Curso Udemy - Node TDD/seubarriga/src/routes/users.js">
          <metrics statements="17" coveredstatements="13" conditionals="0" coveredconditionals="0" methods="8" coveredmethods="4"/>
          <line num="1" count="7" type="stmt"/>
          <line num="4" count="7" type="stmt"/>
          <line num="6" count="7" type="stmt"/>
          <line num="8" count="7" type="stmt"/>
          <line num="9" count="1" type="stmt"/>
          <line num="11" count="1" type="stmt"/>
          <line num="13" count="0" type="stmt"/>
          <line num="18" count="7" type="stmt"/>
          <line num="19" count="0" type="stmt"/>
          <line num="21" count="0" type="stmt"/>
          <line num="23" count="0" type="stmt"/>
          <line num="28" count="7" type="stmt"/>
          <line num="29" count="6" type="stmt"/>
          <line num="30" count="6" type="stmt"/>
          <line num="31" count="2" type="stmt"/>
          <line num="33" count="4" type="stmt"/>
          <line num="41" count="7" type="stmt"/>
        </file>
      </package>
      <package name="seubarriga.src.seeds">
        <metrics statements="15" coveredstatements="15" conditionals="0" coveredconditionals="0" methods="12" coveredmethods="12"/>
        <file name="01_transfer.js" path="/home/rhavel/Documentos/Personal Projects/node-study/Curso Udemy - Node TDD/seubarriga/src/seeds/01_transfer.js">
          <metrics statements="9" coveredstatements="9" conditionals="0" coveredconditionals="0" methods="8" coveredmethods="8"/>
          <line num="4" count="2" type="stmt"/>
          <line num="6" count="2" type="stmt"/>
          <line num="7" count="2" type="stmt"/>
          <line num="8" count="2" type="stmt"/>
          <line num="9" count="2" type="stmt"/>
          <line num="10" count="2" type="stmt"/>
          <line num="14" count="2" type="stmt"/>
          <line num="20" count="2" type="stmt"/>
          <line num="24" count="2" type="stmt"/>
        </file>
        <file name="02_balance.js" path="/home/rhavel/Documentos/Personal Projects/node-study/Curso Udemy - Node TDD/seubarriga/src/seeds/02_balance.js">
          <metrics statements="6" coveredstatements="6" conditionals="0" coveredconditionals="0" methods="4" coveredmethods="4"/>
          <line num="1" count="2" type="stmt"/>
          <line num="3" count="2" type="stmt"/>
          <line num="5" count="2" type="stmt"/>
          <line num="9" count="2" type="stmt"/>
          <line num="16" count="2" type="stmt"/>
          <line num="19" count="2" type="stmt"/>
        </file>
      </package>
      <package name="seubarriga.src.services">
        <metrics statements="115" coveredstatements="115" conditionals="54" coveredconditionals="49" methods="27" coveredmethods="27"/>
        <file name="account.js" path="/home/rhavel/Documentos/Personal Projects/node-study/Curso Udemy - Node TDD/seubarriga/src/services/account.js">
          <metrics statements="21" coveredstatements="21" conditionals="7" coveredconditionals="6" methods="6" coveredmethods="6"/>
          <line num="1" count="7" type="stmt"/>
          <line num="3" count="7" type="stmt"/>
          <line num="5" count="7" type="stmt"/>
          <line num="6" count="1" type="stmt"/>
          <line num="9" count="7" type="cond" truecount="0" falsecount="1"/>
          <line num="10" count="10" type="stmt"/>
          <line num="13" count="7" type="stmt"/>
          <line num="14" count="3" type="cond" truecount="2" falsecount="0"/>
          <line num="15" count="1" type="stmt"/>
          <line num="17" count="2" type="stmt"/>
          <line num="18" count="2" type="cond" truecount="2" falsecount="0"/>
          <line num="19" count="1" type="stmt"/>
          <line num="21" count="1" type="stmt"/>
          <line num="26" count="7" type="stmt"/>
          <line num="27" count="1" type="stmt"/>
          <line num="32" count="7" type="stmt"/>
          <line num="34" count="2" type="stmt"/>
          <line num="35" count="2" type="cond" truecount="2" falsecount="0"/>
          <line num="36" count="1" type="stmt"/>
          <line num="37" count="1" type="stmt"/>
          <line num="40" count="7" type="stmt"/>
        </file>
        <file name="balance.js" path="/home/rhavel/Documentos/Personal Projects/node-study/Curso Udemy - Node TDD/seubarriga/src/services/balance.js">
          <metrics statements="4" coveredstatements="4" conditionals="0" coveredconditionals="0" methods="2" coveredmethods="2"/>
          <line num="1" count="7" type="stmt"/>
          <line num="3" count="7" type="stmt"/>
          <line num="10" count="10" type="stmt"/>
          <line num="19" count="7" type="stmt"/>
        </file>
        <file name="transaction.js" path="/home/rhavel/Documentos/Personal Projects/node-study/Curso Udemy - Node TDD/seubarriga/src/services/transaction.js">
          <metrics statements="27" coveredstatements="27" conditionals="22" coveredconditionals="21" methods="6" coveredmethods="6"/>
          <line num="1" count="7" type="stmt"/>
          <line num="3" count="7" type="stmt"/>
          <line num="6" count="7" type="cond" truecount="1" falsecount="0"/>
          <line num="7" count="5" type="stmt"/>
          <line num="14" count="7" type="cond" truecount="0" falsecount="1"/>
          <line num="15" count="3" type="stmt"/>
          <line num="18" count="7" type="stmt"/>
          <line num="20" count="16" type="cond" truecount="2" falsecount="0"/>
          <line num="21" count="1" type="stmt"/>
          <line num="22" count="15" type="cond" truecount="2" falsecount="0"/>
          <line num="23" count="1" type="stmt"/>
          <line num="24" count="14" type="cond" truecount="2" falsecount="0"/>
          <line num="25" count="1" type="stmt"/>
          <line num="26" count="13" type="cond" truecount="2" falsecount="0"/>
          <line num="27" count="1" type="stmt"/>
          <line num="28" count="12" type="cond" truecount="2" falsecount="0"/>
          <line num="29" count="1" type="stmt"/>
          <line num="30" count="11" type="cond" truecount="4" falsecount="0"/>
          <line num="31" count="1" type="stmt"/>
          <line num="33" count="10" type="cond" truecount="6" falsecount="0"/>
          <line num="35" count="5" type="stmt"/>
          <line num="38" count="10" type="stmt"/>
          <line num="41" count="7" type="stmt"/>
          <line num="42" count="1" type="stmt"/>
          <line num="45" count="7" type="stmt"/>
          <line num="46" count="1" type="stmt"/>
          <line num="49" count="7" type="stmt"/>
        </file>
        <file name="transfer.js" path="/home/rhavel/Documentos/Personal Projects/node-study/Curso Udemy - Node TDD/seubarriga/src/services/transfer.js">
          <metrics statements="39" coveredstatements="39" conditionals="16" coveredconditionals="14" methods="8" coveredmethods="8"/>
          <line num="1" count="7" type="stmt"/>
          <line num="3" count="7" type="stmt"/>
          <line num="5" count="7" type="cond" truecount="0" falsecount="1"/>
          <line num="6" count="1" type="stmt"/>
          <line num="9" count="7" type="cond" truecount="0" falsecount="1"/>
          <line num="10" count="12" type="stmt"/>
          <line num="14" count="7" type="stmt"/>
          <line num="15" count="18" type="cond" truecount="2" falsecount="0"/>
          <line num="16" count="2" type="stmt"/>
          <line num="17" count="16" type="cond" truecount="2" falsecount="0"/>
          <line num="18" count="2" type="stmt"/>
          <line num="19" count="14" type="cond" truecount="2" falsecount="0"/>
          <line num="20" count="2" type="stmt"/>
          <line num="21" count="12" type="cond" truecount="2" falsecount="0"/>
          <line num="22" count="2" type="stmt"/>
          <line num="23" count="10" type="cond" truecount="2" falsecount="0"/>
          <line num="24" count="2" type="stmt"/>
          <line num="25" count="8" type="cond" truecount="2" falsecount="0"/>
          <line num="26" count="2" type="stmt"/>
          <line num="28" count="6" type="stmt"/>
          <line num="29" count="6" type="stmt"/>
          <line num="30" count="12" type="cond" truecount="2" falsecount="0"/>
          <line num="31" count="2" type="stmt"/>
          <line num="36" count="7" type="stmt"/>
          <line num="38" count="3" type="stmt"/>
          <line num="39" count="3" type="stmt"/>
          <line num="41" count="3" type="stmt"/>
          <line num="47" count="3" type="stmt"/>
          <line num="48" count="3" type="stmt"/>
          <line num="51" count="7" type="stmt"/>
          <line num="53" count="1" type="stmt"/>
          <line num="55" count="1" type="stmt"/>
          <line num="61" count="1" type="stmt"/>
          <line num="62" count="1" type="stmt"/>
          <line num="63" count="1" type="stmt"/>
          <line num="66" count="7" type="stmt"/>
          <line num="67" count="1" type="stmt"/>
          <line num="68" count="1" type="stmt"/>
          <line num="71" count="7" type="stmt"/>
        </file>
        <file name="user.js" path="/home/rhavel/Documentos/Personal Projects/node-study/Curso Udemy - Node TDD/seubarriga/src/services/user.js">
          <metrics statements="24" coveredstatements="24" conditionals="9" coveredconditionals="8" methods="5" coveredmethods="5"/>
          <line num="1" count="7" type="stmt"/>
          <line num="2" count="7" type="stmt"/>
          <line num="4" count="7" type="stmt"/>
          <line num="6" count="7" type="stmt"/>
          <line num="7" count="1" type="stmt"/>
          <line num="10" count="7" type="cond" truecount="0" falsecount="1"/>
          <line num="11" count="84" type="stmt"/>
          <line num="14" count="7" type="stmt"/>
          <line num="15" count="8" type="stmt"/>
          <line num="16" count="8" type="stmt"/>
          <line num="19" count="7" type="stmt"/>
          <line num="21" count="12" type="cond" truecount="2" falsecount="0"/>
          <line num="22" count="1" type="stmt"/>
          <line num="23" count="11" type="cond" truecount="2" falsecount="0"/>
          <line num="24" count="1" type="stmt"/>
          <line num="25" count="10" type="cond" truecount="2" falsecount="0"/>
          <line num="26" count="1" type="stmt"/>
          <line num="28" count="9" type="stmt"/>
          <line num="29" count="9" type="cond" truecount="2" falsecount="0"/>
          <line num="30" count="1" type="stmt"/>
          <line num="33" count="8" type="stmt"/>
          <line num="34" count="8" type="stmt"/>
          <line num="36" count="8" type="stmt"/>
          <line num="42" count="7" type="stmt"/>
        </file>
      </package>
    </metrics>
  </project>
</coverage>
