{"/home/rhavel/Documentos/Personal Projects/node-study/Curso Udemy - Node TDD/seubarriga/knexfile.js": {"path":"/home/rhavel/Documentos/Personal Projects/node-study/Curso Udemy - Node TDD/seubarriga/knexfile.js","statementMap":{"0":{"start":{"line":2,"column":0},"end":{"line":21,"column":2}}},"fnMap":{},"branchMap":{},"s":{"0":7},"f":{},"b":{},"_coverageSchema":"332fd63041d2c1bcb487cc26dd0d5f7d97098a6c","hash":"3cbdb2847ca73d8ed9f5f6461c98489c4297a766"}
,"/home/rhavel/Documentos/Personal Projects/node-study/Curso Udemy - Node TDD/seubarriga/src/app.js": {"path":"/home/rhavel/Documentos/Personal Projects/node-study/Curso Udemy - Node TDD/seubarriga/src/app.js","statementMap":{"0":{"start":{"line":3,"column":12},"end":{"line":3,"column":32}},"1":{"start":{"line":12,"column":16},"end":{"line":12,"column":34}},"2":{"start":{"line":14,"column":13},"end":{"line":14,"column":28}},"3":{"start":{"line":15,"column":17},"end":{"line":15,"column":39}},"4":{"start":{"line":23,"column":0},"end":{"line":23,"column":29}},"5":{"start":{"line":25,"column":0},"end":{"line":31,"column":13}},"6":{"start":{"line":33,"column":0},"end":{"line":35,"column":3}},"7":{"start":{"line":34,"column":2},"end":{"line":34,"column":25}},"8":{"start":{"line":49,"column":0},"end":{"line":63,"column":2}},"9":{"start":{"line":50,"column":32},"end":{"line":50,"column":35}},"10":{"start":{"line":51,"column":1},"end":{"line":53,"column":41}},"11":{"start":{"line":53,"column":2},"end":{"line":53,"column":41}},"12":{"start":{"line":54,"column":2},"end":{"line":61,"column":47}},"13":{"start":{"line":55,"column":4},"end":{"line":55,"column":43}},"14":{"start":{"line":61,"column":2},"end":{"line":61,"column":47}},"15":{"start":{"line":62,"column":1},"end":{"line":62,"column":8}},"16":{"start":{"line":66,"column":0},"end":{"line":66,"column":21}}},"fnMap":{"0":{"name":"(anonymous_0)","decl":{"start":{"line":33,"column":13},"end":{"line":33,"column":14}},"loc":{"start":{"line":33,"column":27},"end":{"line":35,"column":1}},"line":33},"1":{"name":"(anonymous_1)","decl":{"start":{"line":49,"column":9},"end":{"line":49,"column":10}},"loc":{"start":{"line":49,"column":34},"end":{"line":63,"column":1}},"line":49}},"branchMap":{"0":{"loc":{"start":{"line":51,"column":1},"end":{"line":53,"column":41}},"type":"if","locations":[{"start":{"line":51,"column":1},"end":{"line":53,"column":41}},{"start":{"line":51,"column":1},"end":{"line":53,"column":41}}],"line":51},"1":{"loc":{"start":{"line":54,"column":2},"end":{"line":61,"column":47}},"type":"if","locations":[{"start":{"line":54,"column":2},"end":{"line":61,"column":47}},{"start":{"line":54,"column":2},"end":{"line":61,"column":47}}],"line":54}},"s":{"0":7,"1":7,"2":7,"3":7,"4":7,"5":7,"6":7,"7":1,"8":7,"9":34,"10":34,"11":29,"12":34,"13":5,"14":29,"15":5,"16":7},"f":{"0":1,"1":34},"b":{"0":[29,5],"1":[5,29]},"_coverageSchema":"332fd63041d2c1bcb487cc26dd0d5f7d97098a6c","hash":"b76f4ad0909aef5da9cb54ba2bd0d84bee479995"}
,"/home/rhavel/Documentos/Personal Projects/node-study/Curso Udemy - Node TDD/seubarriga/src/config/midllewares.js": {"path":"/home/rhavel/Documentos/Personal Projects/node-study/Curso Udemy - Node TDD/seubarriga/src/config/midllewares.js","statementMap":{"0":{"start":{"line":2,"column":19},"end":{"line":2,"column":41}},"1":{"start":{"line":4,"column":0},"end":{"line":6,"column":2}},"2":{"start":{"line":5,"column":2},"end":{"line":5,"column":29}}},"fnMap":{"0":{"name":"(anonymous_0)","decl":{"start":{"line":4,"column":17},"end":{"line":4,"column":18}},"loc":{"start":{"line":4,"column":26},"end":{"line":6,"column":1}},"line":4}},"branchMap":{},"s":{"0":7,"1":7,"2":7},"f":{"0":7},"b":{},"_coverageSchema":"332fd63041d2c1bcb487cc26dd0d5f7d97098a6c","hash":"e94f28e6680edd0c958cf5ebdd8a82ab3f71265d"}
,"/home/rhavel/Documentos/Personal Projects/node-study/Curso Udemy - Node TDD/seubarriga/src/config/passport.js": {"path":"/home/rhavel/Documentos/Personal Projects/node-study/Curso Udemy - Node TDD/seubarriga/src/config/passport.js","statementMap":{"0":{"start":{"line":1,"column":17},"end":{"line":1,"column":36}},"1":{"start":{"line":2,"column":20},"end":{"line":2,"column":43}},"2":{"start":{"line":4,"column":15},"end":{"line":4,"column":25}},"3":{"start":{"line":6,"column":33},"end":{"line":6,"column":44}},"4":{"start":{"line":9,"column":0},"end":{"line":37,"column":2}},"5":{"start":{"line":11,"column":17},"end":{"line":14,"column":3}},"6":{"start":{"line":18,"column":19},"end":{"line":26,"column":4}},"7":{"start":{"line":19,"column":4},"end":{"line":25,"column":40}},"8":{"start":{"line":21,"column":8},"end":{"line":24,"column":27}},"9":{"start":{"line":22,"column":10},"end":{"line":22,"column":36}},"10":{"start":{"line":24,"column":10},"end":{"line":24,"column":27}},"11":{"start":{"line":25,"column":22},"end":{"line":25,"column":38}},"12":{"start":{"line":29,"column":2},"end":{"line":29,"column":25}},"13":{"start":{"line":32,"column":2},"end":{"line":35,"column":4}},"14":{"start":{"line":34,"column":6},"end":{"line":34,"column":54}}},"fnMap":{"0":{"name":"(anonymous_0)","decl":{"start":{"line":9,"column":17},"end":{"line":9,"column":18}},"loc":{"start":{"line":9,"column":26},"end":{"line":37,"column":1}},"line":9},"1":{"name":"(anonymous_1)","decl":{"start":{"line":18,"column":40},"end":{"line":18,"column":41}},"loc":{"start":{"line":18,"column":59},"end":{"line":26,"column":3}},"line":18},"2":{"name":"(anonymous_2)","decl":{"start":{"line":20,"column":12},"end":{"line":20,"column":13}},"loc":{"start":{"line":20,"column":22},"end":{"line":25,"column":7}},"line":20},"3":{"name":"(anonymous_3)","decl":{"start":{"line":25,"column":15},"end":{"line":25,"column":16}},"loc":{"start":{"line":25,"column":22},"end":{"line":25,"column":38}},"line":25},"4":{"name":"(anonymous_4)","decl":{"start":{"line":33,"column":18},"end":{"line":33,"column":19}},"loc":{"start":{"line":34,"column":6},"end":{"line":34,"column":54}},"line":34}},"branchMap":{"0":{"loc":{"start":{"line":21,"column":8},"end":{"line":24,"column":27}},"type":"if","locations":[{"start":{"line":21,"column":8},"end":{"line":24,"column":27}},{"start":{"line":21,"column":8},"end":{"line":24,"column":27}}],"line":21}},"s":{"0":7,"1":7,"2":7,"3":7,"4":7,"5":7,"6":7,"7":71,"8":71,"9":71,"10":0,"11":0,"12":7,"13":7,"14":7},"f":{"0":7,"1":71,"2":71,"3":0,"4":7},"b":{"0":[71,0]},"_coverageSchema":"332fd63041d2c1bcb487cc26dd0d5f7d97098a6c","hash":"da1ce2ce974b690f05beae1ef41c6f82fbc1903f"}
,"/home/rhavel/Documentos/Personal Projects/node-study/Curso Udemy - Node TDD/seubarriga/src/config/router.js": {"path":"/home/rhavel/Documentos/Personal Projects/node-study/Curso Udemy - Node TDD/seubarriga/src/config/router.js","statementMap":{"0":{"start":{"line":1,"column":16},"end":{"line":1,"column":34}},"1":{"start":{"line":3,"column":0},"end":{"line":20,"column":1}},"2":{"start":{"line":6,"column":1},"end":{"line":6,"column":35}},"3":{"start":{"line":8,"column":25},"end":{"line":8,"column":41}},"4":{"start":{"line":10,"column":1},"end":{"line":10,"column":49}},"5":{"start":{"line":11,"column":1},"end":{"line":11,"column":55}},"6":{"start":{"line":12,"column":1},"end":{"line":12,"column":63}},"7":{"start":{"line":13,"column":1},"end":{"line":13,"column":57}},"8":{"start":{"line":14,"column":1},"end":{"line":14,"column":55}},"9":{"start":{"line":18,"column":1},"end":{"line":19,"column":19}}},"fnMap":{"0":{"name":"(anonymous_0)","decl":{"start":{"line":3,"column":17},"end":{"line":3,"column":18}},"loc":{"start":{"line":3,"column":26},"end":{"line":20,"column":1}},"line":3}},"branchMap":{},"s":{"0":7,"1":7,"2":7,"3":7,"4":7,"5":7,"6":7,"7":7,"8":7,"9":7},"f":{"0":7},"b":{},"_coverageSchema":"332fd63041d2c1bcb487cc26dd0d5f7d97098a6c","hash":"0d62802f35f0d4d9d271b7b6f52e9dcb1258194c"}
,"/home/rhavel/Documentos/Personal Projects/node-study/Curso Udemy - Node TDD/seubarriga/src/errors/RecursoIndevidoError.js": {"path":"/home/rhavel/Documentos/Personal Projects/node-study/Curso Udemy - Node TDD/seubarriga/src/errors/RecursoIndevidoError.js","statementMap":{"0":{"start":{"line":1,"column":0},"end":{"line":4,"column":2}},"1":{"start":{"line":2,"column":2},"end":{"line":2,"column":37}},"2":{"start":{"line":3,"column":2},"end":{"line":3,"column":25}}},"fnMap":{"0":{"name":"RecursoIndevidoError","decl":{"start":{"line":1,"column":26},"end":{"line":1,"column":46}},"loc":{"start":{"line":1,"column":97},"end":{"line":4,"column":1}},"line":1}},"branchMap":{"0":{"loc":{"start":{"line":1,"column":47},"end":{"line":1,"column":95}},"type":"default-arg","locations":[{"start":{"line":1,"column":57},"end":{"line":1,"column":95}}],"line":1}},"s":{"0":7,"1":5,"2":5},"f":{"0":5},"b":{"0":[5]},"_coverageSchema":"332fd63041d2c1bcb487cc26dd0d5f7d97098a6c","hash":"b8116b6ec48ed7c3f9249aedf6772751720a651c"}
,"/home/rhavel/Documentos/Personal Projects/node-study/Curso Udemy - Node TDD/seubarriga/src/errors/ValidationError.js": {"path":"/home/rhavel/Documentos/Personal Projects/node-study/Curso Udemy - Node TDD/seubarriga/src/errors/ValidationError.js","statementMap":{"0":{"start":{"line":1,"column":0},"end":{"line":4,"column":2}},"1":{"start":{"line":2,"column":2},"end":{"line":2,"column":32}},"2":{"start":{"line":3,"column":2},"end":{"line":3,"column":25}}},"fnMap":{"0":{"name":"ValidationError","decl":{"start":{"line":1,"column":26},"end":{"line":1,"column":41}},"loc":{"start":{"line":1,"column":51},"end":{"line":4,"column":1}},"line":1}},"branchMap":{},"s":{"0":7,"1":29,"2":29},"f":{"0":29},"b":{},"_coverageSchema":"332fd63041d2c1bcb487cc26dd0d5f7d97098a6c","hash":"b6ffb00876cdd5e479cb0d35b5c4a97311ac6008"}
,"/home/rhavel/Documentos/Personal Projects/node-study/Curso Udemy - Node TDD/seubarriga/src/routes/accounts.js": {"path":"/home/rhavel/Documentos/Personal Projects/node-study/Curso Udemy - Node TDD/seubarriga/src/routes/accounts.js","statementMap":{"0":{"start":{"line":1,"column":16},"end":{"line":1,"column":34}},"1":{"start":{"line":2,"column":29},"end":{"line":2,"column":70}},"2":{"start":{"line":4,"column":0},"end":{"line":57,"column":2}},"3":{"start":{"line":6,"column":17},"end":{"line":6,"column":33}},"4":{"start":{"line":12,"column":2},"end":{"line":21,"column":5}},"5":{"start":{"line":13,"column":4},"end":{"line":20,"column":35}},"6":{"start":{"line":17,"column":8},"end":{"line":19,"column":20}},"7":{"start":{"line":18,"column":10},"end":{"line":18,"column":43}},"8":{"start":{"line":19,"column":13},"end":{"line":19,"column":20}},"9":{"start":{"line":20,"column":23},"end":{"line":20,"column":32}},"10":{"start":{"line":23,"column":1},"end":{"line":28,"column":5}},"11":{"start":{"line":24,"column":4},"end":{"line":27,"column":34}},"12":{"start":{"line":26,"column":8},"end":{"line":26,"column":47}},"13":{"start":{"line":27,"column":22},"end":{"line":27,"column":31}},"14":{"start":{"line":30,"column":2},"end":{"line":34,"column":5}},"15":{"start":{"line":31,"column":4},"end":{"line":33,"column":37}},"16":{"start":{"line":32,"column":22},"end":{"line":32,"column":50}},"17":{"start":{"line":33,"column":22},"end":{"line":33,"column":32}},"18":{"start":{"line":36,"column":2},"end":{"line":40,"column":5}},"19":{"start":{"line":37,"column":4},"end":{"line":39,"column":32}},"20":{"start":{"line":38,"column":22},"end":{"line":38,"column":50}},"21":{"start":{"line":39,"column":20},"end":{"line":39,"column":29}},"22":{"start":{"line":42,"column":2},"end":{"line":46,"column":5}},"23":{"start":{"line":43,"column":4},"end":{"line":45,"column":35}},"24":{"start":{"line":44,"column":25},"end":{"line":44,"column":56}},"25":{"start":{"line":45,"column":23},"end":{"line":45,"column":32}},"26":{"start":{"line":49,"column":2},"end":{"line":53,"column":5}},"27":{"start":{"line":50,"column":4},"end":{"line":52,"column":35}},"28":{"start":{"line":51,"column":19},"end":{"line":51,"column":41}},"29":{"start":{"line":52,"column":23},"end":{"line":52,"column":32}},"30":{"start":{"line":55,"column":2},"end":{"line":55,"column":16}}},"fnMap":{"0":{"name":"(anonymous_0)","decl":{"start":{"line":4,"column":17},"end":{"line":4,"column":18}},"loc":{"start":{"line":4,"column":26},"end":{"line":57,"column":1}},"line":4},"1":{"name":"(anonymous_1)","decl":{"start":{"line":12,"column":21},"end":{"line":12,"column":22}},"loc":{"start":{"line":12,"column":41},"end":{"line":21,"column":3}},"line":12},"2":{"name":"(anonymous_2)","decl":{"start":{"line":14,"column":12},"end":{"line":14,"column":13}},"loc":{"start":{"line":14,"column":21},"end":{"line":20,"column":7}},"line":14},"3":{"name":"(anonymous_3)","decl":{"start":{"line":20,"column":16},"end":{"line":20,"column":17}},"loc":{"start":{"line":20,"column":23},"end":{"line":20,"column":32}},"line":20},"4":{"name":"(anonymous_4)","decl":{"start":{"line":23,"column":18},"end":{"line":23,"column":19}},"loc":{"start":{"line":23,"column":38},"end":{"line":28,"column":3}},"line":23},"5":{"name":"(anonymous_5)","decl":{"start":{"line":25,"column":12},"end":{"line":25,"column":13}},"loc":{"start":{"line":25,"column":24},"end":{"line":27,"column":7}},"line":25},"6":{"name":"(anonymous_6)","decl":{"start":{"line":27,"column":15},"end":{"line":27,"column":16}},"loc":{"start":{"line":27,"column":22},"end":{"line":27,"column":31}},"line":27},"7":{"name":"(anonymous_7)","decl":{"start":{"line":30,"column":18},"end":{"line":30,"column":19}},"loc":{"start":{"line":30,"column":38},"end":{"line":34,"column":3}},"line":30},"8":{"name":"(anonymous_8)","decl":{"start":{"line":32,"column":12},"end":{"line":32,"column":13}},"loc":{"start":{"line":32,"column":22},"end":{"line":32,"column":50}},"line":32},"9":{"name":"(anonymous_9)","decl":{"start":{"line":33,"column":13},"end":{"line":33,"column":14}},"loc":{"start":{"line":33,"column":20},"end":{"line":33,"column":34}},"line":33},"10":{"name":"(anonymous_10)","decl":{"start":{"line":36,"column":21},"end":{"line":36,"column":22}},"loc":{"start":{"line":36,"column":41},"end":{"line":40,"column":3}},"line":36},"11":{"name":"(anonymous_11)","decl":{"start":{"line":38,"column":12},"end":{"line":38,"column":13}},"loc":{"start":{"line":38,"column":22},"end":{"line":38,"column":50}},"line":38},"12":{"name":"(anonymous_12)","decl":{"start":{"line":39,"column":13},"end":{"line":39,"column":14}},"loc":{"start":{"line":39,"column":20},"end":{"line":39,"column":29}},"line":39},"13":{"name":"(anonymous_13)","decl":{"start":{"line":42,"column":21},"end":{"line":42,"column":22}},"loc":{"start":{"line":42,"column":41},"end":{"line":46,"column":3}},"line":42},"14":{"name":"(anonymous_14)","decl":{"start":{"line":44,"column":13},"end":{"line":44,"column":14}},"loc":{"start":{"line":44,"column":25},"end":{"line":44,"column":56}},"line":44},"15":{"name":"(anonymous_15)","decl":{"start":{"line":45,"column":14},"end":{"line":45,"column":15}},"loc":{"start":{"line":45,"column":23},"end":{"line":45,"column":32}},"line":45},"16":{"name":"(anonymous_16)","decl":{"start":{"line":49,"column":24},"end":{"line":49,"column":25}},"loc":{"start":{"line":49,"column":44},"end":{"line":53,"column":3}},"line":49},"17":{"name":"(anonymous_17)","decl":{"start":{"line":51,"column":13},"end":{"line":51,"column":14}},"loc":{"start":{"line":51,"column":19},"end":{"line":51,"column":41}},"line":51},"18":{"name":"(anonymous_18)","decl":{"start":{"line":52,"column":14},"end":{"line":52,"column":15}},"loc":{"start":{"line":52,"column":23},"end":{"line":52,"column":32}},"line":52}},"branchMap":{"0":{"loc":{"start":{"line":17,"column":8},"end":{"line":19,"column":20}},"type":"if","locations":[{"start":{"line":17,"column":8},"end":{"line":19,"column":20}},{"start":{"line":17,"column":8},"end":{"line":19,"column":20}}],"line":17}},"s":{"0":7,"1":7,"2":7,"3":7,"4":7,"5":7,"6":7,"7":3,"8":4,"9":3,"10":7,"11":3,"12":1,"13":2,"14":7,"15":1,"16":1,"17":0,"18":7,"19":1,"20":1,"21":0,"22":7,"23":1,"24":1,"25":0,"26":7,"27":2,"28":1,"29":1,"30":7},"f":{"0":7,"1":7,"2":7,"3":3,"4":3,"5":1,"6":2,"7":1,"8":1,"9":0,"10":1,"11":1,"12":0,"13":1,"14":1,"15":0,"16":2,"17":1,"18":1},"b":{"0":[3,4]},"_coverageSchema":"332fd63041d2c1bcb487cc26dd0d5f7d97098a6c","hash":"67486da697e537060ec7bf7e2cb225a6e13806b7"}
,"/home/rhavel/Documentos/Personal Projects/node-study/Curso Udemy - Node TDD/seubarriga/src/routes/auth.js": {"path":"/home/rhavel/Documentos/Personal Projects/node-study/Curso Udemy - Node TDD/seubarriga/src/routes/auth.js","statementMap":{"0":{"start":{"line":1,"column":12},"end":{"line":1,"column":33}},"1":{"start":{"line":2,"column":15},"end":{"line":2,"column":39}},"2":{"start":{"line":3,"column":16},"end":{"line":3,"column":34}},"3":{"start":{"line":4,"column":25},"end":{"line":4,"column":61}},"4":{"start":{"line":7,"column":15},"end":{"line":7,"column":25}},"5":{"start":{"line":9,"column":0},"end":{"line":53,"column":2}},"6":{"start":{"line":11,"column":17},"end":{"line":11,"column":33}},"7":{"start":{"line":13,"column":2},"end":{"line":33,"column":5}},"8":{"start":{"line":14,"column":4},"end":{"line":32,"column":38}},"9":{"start":{"line":16,"column":8},"end":{"line":17,"column":66}},"10":{"start":{"line":17,"column":10},"end":{"line":17,"column":66}},"11":{"start":{"line":18,"column":8},"end":{"line":30,"column":66}},"12":{"start":{"line":19,"column":26},"end":{"line":23,"column":11}},"13":{"start":{"line":27,"column":24},"end":{"line":27,"column":51}},"14":{"start":{"line":28,"column":10},"end":{"line":28,"column":42}},"15":{"start":{"line":30,"column":10},"end":{"line":30,"column":66}},"16":{"start":{"line":32,"column":24},"end":{"line":32,"column":34}},"17":{"start":{"line":35,"column":2},"end":{"line":46,"column":5}},"18":{"start":{"line":36,"column":4},"end":{"line":41,"column":5}},"19":{"start":{"line":37,"column":21},"end":{"line":37,"column":59}},"20":{"start":{"line":38,"column":6},"end":{"line":38,"column":45}},"21":{"start":{"line":40,"column":6},"end":{"line":40,"column":23}},"22":{"start":{"line":52,"column":2},"end":{"line":52,"column":15}}},"fnMap":{"0":{"name":"(anonymous_0)","decl":{"start":{"line":9,"column":17},"end":{"line":9,"column":18}},"loc":{"start":{"line":9,"column":26},"end":{"line":53,"column":1}},"line":9},"1":{"name":"(anonymous_1)","decl":{"start":{"line":13,"column":25},"end":{"line":13,"column":26}},"loc":{"start":{"line":13,"column":45},"end":{"line":33,"column":3}},"line":13},"2":{"name":"(anonymous_2)","decl":{"start":{"line":15,"column":12},"end":{"line":15,"column":13}},"loc":{"start":{"line":15,"column":22},"end":{"line":31,"column":7}},"line":15},"3":{"name":"(anonymous_3)","decl":{"start":{"line":32,"column":13},"end":{"line":32,"column":14}},"loc":{"start":{"line":32,"column":22},"end":{"line":32,"column":36}},"line":32},"4":{"name":"(anonymous_4)","decl":{"start":{"line":35,"column":25},"end":{"line":35,"column":26}},"loc":{"start":{"line":35,"column":51},"end":{"line":46,"column":3}},"line":35}},"branchMap":{"0":{"loc":{"start":{"line":16,"column":8},"end":{"line":17,"column":66}},"type":"if","locations":[{"start":{"line":16,"column":8},"end":{"line":17,"column":66}},{"start":{"line":16,"column":8},"end":{"line":17,"column":66}}],"line":16},"1":{"loc":{"start":{"line":18,"column":8},"end":{"line":30,"column":66}},"type":"if","locations":[{"start":{"line":18,"column":8},"end":{"line":30,"column":66}},{"start":{"line":18,"column":8},"end":{"line":30,"column":66}}],"line":18}},"s":{"0":7,"1":7,"2":7,"3":7,"4":7,"5":7,"6":7,"7":7,"8":3,"9":3,"10":1,"11":2,"12":1,"13":1,"14":1,"15":1,"16":2,"17":7,"18":1,"19":1,"20":1,"21":0,"22":7},"f":{"0":7,"1":3,"2":3,"3":2,"4":1},"b":{"0":[1,2],"1":[1,1]},"_coverageSchema":"332fd63041d2c1bcb487cc26dd0d5f7d97098a6c","hash":"f387a580fb58a26d12859f8dd2a3648ae6e06deb"}
,"/home/rhavel/Documentos/Personal Projects/node-study/Curso Udemy - Node TDD/seubarriga/src/routes/balances.js": {"path":"/home/rhavel/Documentos/Personal Projects/node-study/Curso Udemy - Node TDD/seubarriga/src/routes/balances.js","statementMap":{"0":{"start":{"line":1,"column":16},"end":{"line":1,"column":34}},"1":{"start":{"line":3,"column":0},"end":{"line":15,"column":2}},"2":{"start":{"line":5,"column":19},"end":{"line":5,"column":35}},"3":{"start":{"line":7,"column":4},"end":{"line":11,"column":7}},"4":{"start":{"line":8,"column":8},"end":{"line":10,"column":37}},"5":{"start":{"line":9,"column":28},"end":{"line":9,"column":56}},"6":{"start":{"line":10,"column":26},"end":{"line":10,"column":35}},"7":{"start":{"line":13,"column":4},"end":{"line":13,"column":18}}},"fnMap":{"0":{"name":"(anonymous_0)","decl":{"start":{"line":3,"column":17},"end":{"line":3,"column":18}},"loc":{"start":{"line":3,"column":26},"end":{"line":15,"column":1}},"line":3},"1":{"name":"(anonymous_1)","decl":{"start":{"line":7,"column":20},"end":{"line":7,"column":21}},"loc":{"start":{"line":7,"column":40},"end":{"line":11,"column":5}},"line":7},"2":{"name":"(anonymous_2)","decl":{"start":{"line":9,"column":18},"end":{"line":9,"column":19}},"loc":{"start":{"line":9,"column":28},"end":{"line":9,"column":56}},"line":9},"3":{"name":"(anonymous_3)","decl":{"start":{"line":10,"column":19},"end":{"line":10,"column":20}},"loc":{"start":{"line":10,"column":26},"end":{"line":10,"column":35}},"line":10}},"branchMap":{},"s":{"0":7,"1":7,"2":7,"3":7,"4":10,"5":10,"6":0,"7":7},"f":{"0":7,"1":10,"2":10,"3":0},"b":{},"_coverageSchema":"332fd63041d2c1bcb487cc26dd0d5f7d97098a6c","hash":"f31b280aed2c8319a561ed184474074a3693d908"}
,"/home/rhavel/Documentos/Personal Projects/node-study/Curso Udemy - Node TDD/seubarriga/src/routes/transactions.js": {"path":"/home/rhavel/Documentos/Personal Projects/node-study/Curso Udemy - Node TDD/seubarriga/src/routes/transactions.js","statementMap":{"0":{"start":{"line":1,"column":16},"end":{"line":1,"column":34}},"1":{"start":{"line":2,"column":29},"end":{"line":2,"column":70}},"2":{"start":{"line":4,"column":0},"end":{"line":51,"column":2}},"3":{"start":{"line":6,"column":17},"end":{"line":6,"column":33}},"4":{"start":{"line":8,"column":2},"end":{"line":12,"column":5}},"5":{"start":{"line":9,"column":4},"end":{"line":11,"column":31}},"6":{"start":{"line":10,"column":22},"end":{"line":10,"column":50}},"7":{"start":{"line":11,"column":20},"end":{"line":11,"column":29}},"8":{"start":{"line":14,"column":2},"end":{"line":18,"column":5}},"9":{"start":{"line":15,"column":4},"end":{"line":17,"column":31}},"10":{"start":{"line":16,"column":22},"end":{"line":16,"column":53}},"11":{"start":{"line":17,"column":20},"end":{"line":17,"column":29}},"12":{"start":{"line":24,"column":2},"end":{"line":30,"column":5}},"13":{"start":{"line":25,"column":4},"end":{"line":29,"column":32}},"14":{"start":{"line":27,"column":7},"end":{"line":28,"column":45}},"15":{"start":{"line":27,"column":30},"end":{"line":27,"column":37}},"16":{"start":{"line":28,"column":12},"end":{"line":28,"column":45}},"17":{"start":{"line":29,"column":21},"end":{"line":29,"column":30}},"18":{"start":{"line":32,"column":2},"end":{"line":36,"column":5}},"19":{"start":{"line":33,"column":4},"end":{"line":35,"column":30}},"20":{"start":{"line":34,"column":21},"end":{"line":34,"column":49}},"21":{"start":{"line":35,"column":19},"end":{"line":35,"column":28}},"22":{"start":{"line":38,"column":2},"end":{"line":42,"column":5}},"23":{"start":{"line":39,"column":4},"end":{"line":41,"column":30}},"24":{"start":{"line":40,"column":21},"end":{"line":40,"column":52}},"25":{"start":{"line":41,"column":19},"end":{"line":41,"column":28}},"26":{"start":{"line":44,"column":2},"end":{"line":48,"column":5}},"27":{"start":{"line":45,"column":4},"end":{"line":47,"column":30}},"28":{"start":{"line":46,"column":17},"end":{"line":46,"column":39}},"29":{"start":{"line":47,"column":19},"end":{"line":47,"column":28}},"30":{"start":{"line":50,"column":2},"end":{"line":50,"column":16}}},"fnMap":{"0":{"name":"(anonymous_0)","decl":{"start":{"line":4,"column":17},"end":{"line":4,"column":18}},"loc":{"start":{"line":4,"column":26},"end":{"line":51,"column":1}},"line":4},"1":{"name":"(anonymous_1)","decl":{"start":{"line":8,"column":18},"end":{"line":8,"column":19}},"loc":{"start":{"line":8,"column":38},"end":{"line":12,"column":3}},"line":8},"2":{"name":"(anonymous_2)","decl":{"start":{"line":10,"column":12},"end":{"line":10,"column":13}},"loc":{"start":{"line":10,"column":22},"end":{"line":10,"column":50}},"line":10},"3":{"name":"(anonymous_3)","decl":{"start":{"line":11,"column":13},"end":{"line":11,"column":14}},"loc":{"start":{"line":11,"column":20},"end":{"line":11,"column":29}},"line":11},"4":{"name":"(anonymous_4)","decl":{"start":{"line":14,"column":19},"end":{"line":14,"column":20}},"loc":{"start":{"line":14,"column":39},"end":{"line":18,"column":3}},"line":14},"5":{"name":"(anonymous_5)","decl":{"start":{"line":16,"column":12},"end":{"line":16,"column":13}},"loc":{"start":{"line":16,"column":22},"end":{"line":16,"column":53}},"line":16},"6":{"name":"(anonymous_6)","decl":{"start":{"line":17,"column":13},"end":{"line":17,"column":14}},"loc":{"start":{"line":17,"column":20},"end":{"line":17,"column":29}},"line":17},"7":{"name":"(anonymous_7)","decl":{"start":{"line":24,"column":21},"end":{"line":24,"column":22}},"loc":{"start":{"line":24,"column":41},"end":{"line":30,"column":3}},"line":24},"8":{"name":"(anonymous_8)","decl":{"start":{"line":26,"column":11},"end":{"line":26,"column":12}},"loc":{"start":{"line":26,"column":21},"end":{"line":29,"column":6}},"line":26},"9":{"name":"(anonymous_9)","decl":{"start":{"line":29,"column":14},"end":{"line":29,"column":15}},"loc":{"start":{"line":29,"column":21},"end":{"line":29,"column":30}},"line":29},"10":{"name":"(anonymous_10)","decl":{"start":{"line":32,"column":21},"end":{"line":32,"column":22}},"loc":{"start":{"line":32,"column":41},"end":{"line":36,"column":3}},"line":32},"11":{"name":"(anonymous_11)","decl":{"start":{"line":34,"column":11},"end":{"line":34,"column":12}},"loc":{"start":{"line":34,"column":21},"end":{"line":34,"column":49}},"line":34},"12":{"name":"(anonymous_12)","decl":{"start":{"line":35,"column":12},"end":{"line":35,"column":13}},"loc":{"start":{"line":35,"column":19},"end":{"line":35,"column":28}},"line":35},"13":{"name":"(anonymous_13)","decl":{"start":{"line":38,"column":21},"end":{"line":38,"column":22}},"loc":{"start":{"line":38,"column":41},"end":{"line":42,"column":3}},"line":38},"14":{"name":"(anonymous_14)","decl":{"start":{"line":40,"column":11},"end":{"line":40,"column":12}},"loc":{"start":{"line":40,"column":21},"end":{"line":40,"column":52}},"line":40},"15":{"name":"(anonymous_15)","decl":{"start":{"line":41,"column":12},"end":{"line":41,"column":13}},"loc":{"start":{"line":41,"column":19},"end":{"line":41,"column":28}},"line":41},"16":{"name":"(anonymous_16)","decl":{"start":{"line":44,"column":24},"end":{"line":44,"column":25}},"loc":{"start":{"line":44,"column":44},"end":{"line":48,"column":3}},"line":44},"17":{"name":"(anonymous_17)","decl":{"start":{"line":46,"column":11},"end":{"line":46,"column":12}},"loc":{"start":{"line":46,"column":17},"end":{"line":46,"column":39}},"line":46},"18":{"name":"(anonymous_18)","decl":{"start":{"line":47,"column":12},"end":{"line":47,"column":13}},"loc":{"start":{"line":47,"column":19},"end":{"line":47,"column":28}},"line":47}},"branchMap":{"0":{"loc":{"start":{"line":27,"column":7},"end":{"line":28,"column":45}},"type":"if","locations":[{"start":{"line":27,"column":7},"end":{"line":28,"column":45}},{"start":{"line":27,"column":7},"end":{"line":28,"column":45}}],"line":27}},"s":{"0":7,"1":7,"2":7,"3":7,"4":7,"5":1,"6":1,"7":0,"8":7,"9":16,"10":10,"11":0,"12":7,"13":4,"14":4,"15":3,"16":1,"17":1,"18":7,"19":1,"20":1,"21":0,"22":7,"23":1,"24":1,"25":0,"26":7,"27":1,"28":1,"29":0,"30":7},"f":{"0":7,"1":1,"2":1,"3":0,"4":16,"5":10,"6":0,"7":4,"8":4,"9":1,"10":1,"11":1,"12":0,"13":1,"14":1,"15":0,"16":1,"17":1,"18":0},"b":{"0":[3,1]},"_coverageSchema":"332fd63041d2c1bcb487cc26dd0d5f7d97098a6c","hash":"1aed5d811cf2b15f4ef079b2e32ba4655f2a3bab"}
,"/home/rhavel/Documentos/Personal Projects/node-study/Curso Udemy - Node TDD/seubarriga/src/routes/transfers.js": {"path":"/home/rhavel/Documentos/Personal Projects/node-study/Curso Udemy - Node TDD/seubarriga/src/routes/transfers.js","statementMap":{"0":{"start":{"line":1,"column":16},"end":{"line":1,"column":34}},"1":{"start":{"line":2,"column":29},"end":{"line":2,"column":70}},"2":{"start":{"line":4,"column":0},"end":{"line":60,"column":2}},"3":{"start":{"line":6,"column":19},"end":{"line":6,"column":35}},"4":{"start":{"line":8,"column":4},"end":{"line":14,"column":8}},"5":{"start":{"line":9,"column":8},"end":{"line":13,"column":39}},"6":{"start":{"line":11,"column":16},"end":{"line":11,"column":84}},"7":{"start":{"line":11,"column":51},"end":{"line":11,"column":84}},"8":{"start":{"line":12,"column":16},"end":{"line":12,"column":23}},"9":{"start":{"line":13,"column":28},"end":{"line":13,"column":37}},"10":{"start":{"line":17,"column":21},"end":{"line":22,"column":5}},"11":{"start":{"line":19,"column":8},"end":{"line":21,"column":37}},"12":{"start":{"line":20,"column":24},"end":{"line":20,"column":30}},"13":{"start":{"line":21,"column":26},"end":{"line":21,"column":35}},"14":{"start":{"line":24,"column":4},"end":{"line":28,"column":7}},"15":{"start":{"line":25,"column":8},"end":{"line":27,"column":37}},"16":{"start":{"line":26,"column":28},"end":{"line":26,"column":56}},"17":{"start":{"line":27,"column":26},"end":{"line":27,"column":35}},"18":{"start":{"line":31,"column":4},"end":{"line":36,"column":7}},"19":{"start":{"line":32,"column":25},"end":{"line":32,"column":61}},"20":{"start":{"line":33,"column":8},"end":{"line":35,"column":37}},"21":{"start":{"line":34,"column":28},"end":{"line":34,"column":59}},"22":{"start":{"line":35,"column":26},"end":{"line":35,"column":35}},"23":{"start":{"line":38,"column":4},"end":{"line":42,"column":7}},"24":{"start":{"line":39,"column":8},"end":{"line":41,"column":57}},"25":{"start":{"line":40,"column":28},"end":{"line":40,"column":56}},"26":{"start":{"line":41,"column":27},"end":{"line":41,"column":44}},"27":{"start":{"line":41,"column":45},"end":{"line":41,"column":54}},"28":{"start":{"line":45,"column":4},"end":{"line":50,"column":7}},"29":{"start":{"line":47,"column":8},"end":{"line":49,"column":37}},"30":{"start":{"line":48,"column":28},"end":{"line":48,"column":59}},"31":{"start":{"line":49,"column":26},"end":{"line":49,"column":35}},"32":{"start":{"line":52,"column":4},"end":{"line":56,"column":7}},"33":{"start":{"line":53,"column":8},"end":{"line":55,"column":37}},"34":{"start":{"line":54,"column":24},"end":{"line":54,"column":46}},"35":{"start":{"line":55,"column":26},"end":{"line":55,"column":35}},"36":{"start":{"line":58,"column":4},"end":{"line":58,"column":18}}},"fnMap":{"0":{"name":"(anonymous_0)","decl":{"start":{"line":4,"column":17},"end":{"line":4,"column":18}},"loc":{"start":{"line":4,"column":26},"end":{"line":60,"column":1}},"line":4},"1":{"name":"(anonymous_1)","decl":{"start":{"line":8,"column":23},"end":{"line":8,"column":24}},"loc":{"start":{"line":8,"column":43},"end":{"line":14,"column":5}},"line":8},"2":{"name":"(anonymous_2)","decl":{"start":{"line":10,"column":18},"end":{"line":10,"column":19}},"loc":{"start":{"line":10,"column":28},"end":{"line":13,"column":13}},"line":10},"3":{"name":"(anonymous_3)","decl":{"start":{"line":13,"column":21},"end":{"line":13,"column":22}},"loc":{"start":{"line":13,"column":28},"end":{"line":13,"column":37}},"line":13},"4":{"name":"(anonymous_4)","decl":{"start":{"line":17,"column":21},"end":{"line":17,"column":22}},"loc":{"start":{"line":17,"column":41},"end":{"line":22,"column":5}},"line":17},"5":{"name":"(anonymous_5)","decl":{"start":{"line":20,"column":18},"end":{"line":20,"column":19}},"loc":{"start":{"line":20,"column":24},"end":{"line":20,"column":30}},"line":20},"6":{"name":"(anonymous_6)","decl":{"start":{"line":21,"column":19},"end":{"line":21,"column":20}},"loc":{"start":{"line":21,"column":26},"end":{"line":21,"column":35}},"line":21},"7":{"name":"(anonymous_7)","decl":{"start":{"line":24,"column":20},"end":{"line":24,"column":21}},"loc":{"start":{"line":24,"column":40},"end":{"line":28,"column":5}},"line":24},"8":{"name":"(anonymous_8)","decl":{"start":{"line":26,"column":18},"end":{"line":26,"column":19}},"loc":{"start":{"line":26,"column":28},"end":{"line":26,"column":56}},"line":26},"9":{"name":"(anonymous_9)","decl":{"start":{"line":27,"column":19},"end":{"line":27,"column":20}},"loc":{"start":{"line":27,"column":26},"end":{"line":27,"column":35}},"line":27},"10":{"name":"(anonymous_10)","decl":{"start":{"line":31,"column":31},"end":{"line":31,"column":32}},"loc":{"start":{"line":31,"column":51},"end":{"line":36,"column":5}},"line":31},"11":{"name":"(anonymous_11)","decl":{"start":{"line":34,"column":18},"end":{"line":34,"column":19}},"loc":{"start":{"line":34,"column":28},"end":{"line":34,"column":59}},"line":34},"12":{"name":"(anonymous_12)","decl":{"start":{"line":35,"column":19},"end":{"line":35,"column":20}},"loc":{"start":{"line":35,"column":26},"end":{"line":35,"column":35}},"line":35},"13":{"name":"(anonymous_13)","decl":{"start":{"line":38,"column":23},"end":{"line":38,"column":24}},"loc":{"start":{"line":38,"column":43},"end":{"line":42,"column":5}},"line":38},"14":{"name":"(anonymous_14)","decl":{"start":{"line":40,"column":18},"end":{"line":40,"column":19}},"loc":{"start":{"line":40,"column":28},"end":{"line":40,"column":56}},"line":40},"15":{"name":"(anonymous_15)","decl":{"start":{"line":41,"column":19},"end":{"line":41,"column":20}},"loc":{"start":{"line":41,"column":26},"end":{"line":41,"column":55}},"line":41},"16":{"name":"(anonymous_16)","decl":{"start":{"line":45,"column":33},"end":{"line":45,"column":34}},"loc":{"start":{"line":45,"column":53},"end":{"line":50,"column":5}},"line":45},"17":{"name":"(anonymous_17)","decl":{"start":{"line":48,"column":18},"end":{"line":48,"column":19}},"loc":{"start":{"line":48,"column":28},"end":{"line":48,"column":59}},"line":48},"18":{"name":"(anonymous_18)","decl":{"start":{"line":49,"column":19},"end":{"line":49,"column":20}},"loc":{"start":{"line":49,"column":26},"end":{"line":49,"column":35}},"line":49},"19":{"name":"(anonymous_19)","decl":{"start":{"line":52,"column":26},"end":{"line":52,"column":27}},"loc":{"start":{"line":52,"column":46},"end":{"line":56,"column":5}},"line":52},"20":{"name":"(anonymous_20)","decl":{"start":{"line":54,"column":18},"end":{"line":54,"column":19}},"loc":{"start":{"line":54,"column":24},"end":{"line":54,"column":46}},"line":54},"21":{"name":"(anonymous_21)","decl":{"start":{"line":55,"column":19},"end":{"line":55,"column":20}},"loc":{"start":{"line":55,"column":26},"end":{"line":55,"column":35}},"line":55}},"branchMap":{"0":{"loc":{"start":{"line":11,"column":16},"end":{"line":11,"column":84}},"type":"if","locations":[{"start":{"line":11,"column":16},"end":{"line":11,"column":84}},{"start":{"line":11,"column":16},"end":{"line":11,"column":84}}],"line":11}},"s":{"0":7,"1":7,"2":7,"3":7,"4":7,"5":11,"6":11,"7":1,"8":10,"9":1,"10":7,"11":18,"12":4,"13":14,"14":7,"15":1,"16":1,"17":0,"18":7,"19":3,"20":3,"21":3,"22":0,"23":7,"24":1,"25":1,"26":0,"27":0,"28":7,"29":1,"30":1,"31":0,"32":7,"33":1,"34":1,"35":0,"36":7},"f":{"0":7,"1":11,"2":11,"3":1,"4":18,"5":4,"6":14,"7":1,"8":1,"9":0,"10":3,"11":3,"12":0,"13":1,"14":1,"15":0,"16":1,"17":1,"18":0,"19":1,"20":1,"21":0},"b":{"0":[1,10]},"_coverageSchema":"332fd63041d2c1bcb487cc26dd0d5f7d97098a6c","hash":"baf820cd17864309097336f77bfb2bc44ea7325b"}
,"/home/rhavel/Documentos/Personal Projects/node-study/Curso Udemy - Node TDD/seubarriga/src/routes/users.js": {"path":"/home/rhavel/Documentos/Personal Projects/node-study/Curso Udemy - Node TDD/seubarriga/src/routes/users.js","statementMap":{"0":{"start":{"line":1,"column":16},"end":{"line":1,"column":34}},"1":{"start":{"line":4,"column":0},"end":{"line":42,"column":2}},"2":{"start":{"line":6,"column":17},"end":{"line":6,"column":33}},"3":{"start":{"line":8,"column":2},"end":{"line":14,"column":5}},"4":{"start":{"line":9,"column":4},"end":{"line":13,"column":32}},"5":{"start":{"line":11,"column":8},"end":{"line":11,"column":37}},"6":{"start":{"line":13,"column":20},"end":{"line":13,"column":29}},"7":{"start":{"line":18,"column":18},"end":{"line":24,"column":3}},"8":{"start":{"line":19,"column":4},"end":{"line":23,"column":32}},"9":{"start":{"line":21,"column":8},"end":{"line":21,"column":37}},"10":{"start":{"line":23,"column":20},"end":{"line":23,"column":29}},"11":{"start":{"line":28,"column":2},"end":{"line":39,"column":5}},"12":{"start":{"line":29,"column":4},"end":{"line":34,"column":5}},"13":{"start":{"line":30,"column":21},"end":{"line":30,"column":59}},"14":{"start":{"line":31,"column":6},"end":{"line":31,"column":38}},"15":{"start":{"line":33,"column":6},"end":{"line":33,"column":23}},"16":{"start":{"line":41,"column":2},"end":{"line":41,"column":16}}},"fnMap":{"0":{"name":"(anonymous_0)","decl":{"start":{"line":4,"column":17},"end":{"line":4,"column":18}},"loc":{"start":{"line":4,"column":26},"end":{"line":42,"column":1}},"line":4},"1":{"name":"(anonymous_1)","decl":{"start":{"line":8,"column":18},"end":{"line":8,"column":19}},"loc":{"start":{"line":8,"column":38},"end":{"line":14,"column":3}},"line":8},"2":{"name":"(anonymous_2)","decl":{"start":{"line":10,"column":12},"end":{"line":10,"column":13}},"loc":{"start":{"line":10,"column":22},"end":{"line":12,"column":7}},"line":10},"3":{"name":"(anonymous_3)","decl":{"start":{"line":13,"column":13},"end":{"line":13,"column":14}},"loc":{"start":{"line":13,"column":20},"end":{"line":13,"column":29}},"line":13},"4":{"name":"(anonymous_4)","decl":{"start":{"line":18,"column":18},"end":{"line":18,"column":19}},"loc":{"start":{"line":18,"column":38},"end":{"line":24,"column":3}},"line":18},"5":{"name":"(anonymous_5)","decl":{"start":{"line":20,"column":12},"end":{"line":20,"column":13}},"loc":{"start":{"line":20,"column":22},"end":{"line":22,"column":7}},"line":20},"6":{"name":"(anonymous_6)","decl":{"start":{"line":23,"column":13},"end":{"line":23,"column":14}},"loc":{"start":{"line":23,"column":20},"end":{"line":23,"column":29}},"line":23},"7":{"name":"(anonymous_7)","decl":{"start":{"line":28,"column":19},"end":{"line":28,"column":20}},"loc":{"start":{"line":28,"column":45},"end":{"line":39,"column":3}},"line":28}},"branchMap":{},"s":{"0":7,"1":7,"2":7,"3":7,"4":1,"5":1,"6":0,"7":7,"8":0,"9":0,"10":0,"11":7,"12":6,"13":6,"14":2,"15":4,"16":7},"f":{"0":7,"1":1,"2":1,"3":0,"4":0,"5":0,"6":0,"7":6},"b":{},"_coverageSchema":"332fd63041d2c1bcb487cc26dd0d5f7d97098a6c","hash":"029d12f4d89f5521e2e083bab16795872f3f503f"}
,"/home/rhavel/Documentos/Personal Projects/node-study/Curso Udemy - Node TDD/seubarriga/src/seeds/01_transfer.js": {"path":"/home/rhavel/Documentos/Personal Projects/node-study/Curso Udemy - Node TDD/seubarriga/src/seeds/01_transfer.js","statementMap":{"0":{"start":{"line":4,"column":0},"end":{"line":31,"column":2}},"1":{"start":{"line":6,"column":2},"end":{"line":30,"column":10}},"2":{"start":{"line":7,"column":18},"end":{"line":7,"column":41}},"3":{"start":{"line":8,"column":18},"end":{"line":8,"column":40}},"4":{"start":{"line":9,"column":18},"end":{"line":9,"column":37}},"5":{"start":{"line":10,"column":18},"end":{"line":13,"column":8}},"6":{"start":{"line":14,"column":18},"end":{"line":19,"column":8}},"7":{"start":{"line":20,"column":18},"end":{"line":23,"column":8}},"8":{"start":{"line":24,"column":18},"end":{"line":30,"column":8}}},"fnMap":{"0":{"name":"(anonymous_0)","decl":{"start":{"line":4,"column":15},"end":{"line":4,"column":16}},"loc":{"start":{"line":4,"column":30},"end":{"line":31,"column":1}},"line":4},"1":{"name":"(anonymous_1)","decl":{"start":{"line":7,"column":12},"end":{"line":7,"column":13}},"loc":{"start":{"line":7,"column":18},"end":{"line":7,"column":41}},"line":7},"2":{"name":"(anonymous_2)","decl":{"start":{"line":8,"column":12},"end":{"line":8,"column":13}},"loc":{"start":{"line":8,"column":18},"end":{"line":8,"column":40}},"line":8},"3":{"name":"(anonymous_3)","decl":{"start":{"line":9,"column":12},"end":{"line":9,"column":13}},"loc":{"start":{"line":9,"column":18},"end":{"line":9,"column":37}},"line":9},"4":{"name":"(anonymous_4)","decl":{"start":{"line":10,"column":12},"end":{"line":10,"column":13}},"loc":{"start":{"line":10,"column":18},"end":{"line":13,"column":8}},"line":10},"5":{"name":"(anonymous_5)","decl":{"start":{"line":14,"column":12},"end":{"line":14,"column":13}},"loc":{"start":{"line":14,"column":18},"end":{"line":19,"column":8}},"line":14},"6":{"name":"(anonymous_6)","decl":{"start":{"line":20,"column":12},"end":{"line":20,"column":13}},"loc":{"start":{"line":20,"column":18},"end":{"line":23,"column":8}},"line":20},"7":{"name":"(anonymous_7)","decl":{"start":{"line":24,"column":12},"end":{"line":24,"column":13}},"loc":{"start":{"line":24,"column":18},"end":{"line":30,"column":8}},"line":24}},"branchMap":{},"s":{"0":2,"1":2,"2":2,"3":2,"4":2,"5":2,"6":2,"7":2,"8":2},"f":{"0":2,"1":2,"2":2,"3":2,"4":2,"5":2,"6":2,"7":2},"b":{},"_coverageSchema":"332fd63041d2c1bcb487cc26dd0d5f7d97098a6c","hash":"17d0dc1dd17e800d062e0dee4e07ce3877a13fb4"}
,"/home/rhavel/Documentos/Personal Projects/node-study/Curso Udemy - Node TDD/seubarriga/src/seeds/02_balance.js": {"path":"/home/rhavel/Documentos/Personal Projects/node-study/Curso Udemy - Node TDD/seubarriga/src/seeds/02_balance.js","statementMap":{"0":{"start":{"line":1,"column":15},"end":{"line":1,"column":32}},"1":{"start":{"line":3,"column":0},"end":{"line":34,"column":2}},"2":{"start":{"line":5,"column":2},"end":{"line":31,"column":6}},"3":{"start":{"line":9,"column":16},"end":{"line":16,"column":4}},"4":{"start":{"line":16,"column":17},"end":{"line":19,"column":4}},"5":{"start":{"line":19,"column":17},"end":{"line":31,"column":4}}},"fnMap":{"0":{"name":"(anonymous_0)","decl":{"start":{"line":3,"column":15},"end":{"line":3,"column":16}},"loc":{"start":{"line":3,"column":25},"end":{"line":34,"column":1}},"line":3},"1":{"name":"(anonymous_1)","decl":{"start":{"line":9,"column":10},"end":{"line":9,"column":11}},"loc":{"start":{"line":9,"column":16},"end":{"line":16,"column":4}},"line":9},"2":{"name":"(anonymous_2)","decl":{"start":{"line":16,"column":11},"end":{"line":16,"column":12}},"loc":{"start":{"line":16,"column":17},"end":{"line":19,"column":4}},"line":16},"3":{"name":"(anonymous_3)","decl":{"start":{"line":19,"column":11},"end":{"line":19,"column":12}},"loc":{"start":{"line":19,"column":17},"end":{"line":31,"column":4}},"line":19}},"branchMap":{},"s":{"0":2,"1":2,"2":2,"3":2,"4":2,"5":2},"f":{"0":2,"1":2,"2":2,"3":2},"b":{},"_coverageSchema":"332fd63041d2c1bcb487cc26dd0d5f7d97098a6c","hash":"77dbb7a90fca9c94d45e0962ffbf8d7a035ad6a9"}
,"/home/rhavel/Documentos/Personal Projects/node-study/Curso Udemy - Node TDD/seubarriga/src/services/account.js": {"path":"/home/rhavel/Documentos/Personal Projects/node-study/Curso Udemy - Node TDD/seubarriga/src/services/account.js","statementMap":{"0":{"start":{"line":1,"column":24},"end":{"line":1,"column":60}},"1":{"start":{"line":3,"column":0},"end":{"line":41,"column":1}},"2":{"start":{"line":5,"column":18},"end":{"line":7,"column":3}},"3":{"start":{"line":6,"column":4},"end":{"line":6,"column":66}},"4":{"start":{"line":9,"column":15},"end":{"line":11,"column":3}},"5":{"start":{"line":10,"column":4},"end":{"line":10,"column":52}},"6":{"start":{"line":13,"column":15},"end":{"line":22,"column":3}},"7":{"start":{"line":14,"column":3},"end":{"line":15,"column":65}},"8":{"start":{"line":15,"column":4},"end":{"line":15,"column":65}},"9":{"start":{"line":17,"column":18},"end":{"line":17,"column":78}},"10":{"start":{"line":18,"column":4},"end":{"line":19,"column":65}},"11":{"start":{"line":19,"column":6},"end":{"line":19,"column":65}},"12":{"start":{"line":21,"column":4},"end":{"line":21,"column":51}},"13":{"start":{"line":26,"column":17},"end":{"line":28,"column":3}},"14":{"start":{"line":27,"column":4},"end":{"line":27,"column":65}},"15":{"start":{"line":32,"column":17},"end":{"line":38,"column":5}},"16":{"start":{"line":34,"column":28},"end":{"line":34,"column":80}},"17":{"start":{"line":35,"column":8},"end":{"line":36,"column":79}},"18":{"start":{"line":36,"column":10},"end":{"line":36,"column":79}},"19":{"start":{"line":37,"column":8},"end":{"line":37,"column":52}},"20":{"start":{"line":40,"column":2},"end":{"line":40,"column":48}}},"fnMap":{"0":{"name":"(anonymous_0)","decl":{"start":{"line":3,"column":17},"end":{"line":3,"column":18}},"loc":{"start":{"line":3,"column":26},"end":{"line":41,"column":1}},"line":3},"1":{"name":"(anonymous_1)","decl":{"start":{"line":5,"column":18},"end":{"line":5,"column":19}},"loc":{"start":{"line":5,"column":30},"end":{"line":7,"column":3}},"line":5},"2":{"name":"(anonymous_2)","decl":{"start":{"line":9,"column":15},"end":{"line":9,"column":16}},"loc":{"start":{"line":9,"column":32},"end":{"line":11,"column":3}},"line":9},"3":{"name":"(anonymous_3)","decl":{"start":{"line":13,"column":15},"end":{"line":13,"column":16}},"loc":{"start":{"line":13,"column":34},"end":{"line":22,"column":3}},"line":13},"4":{"name":"(anonymous_4)","decl":{"start":{"line":26,"column":17},"end":{"line":26,"column":18}},"loc":{"start":{"line":26,"column":34},"end":{"line":28,"column":3}},"line":26},"5":{"name":"(anonymous_5)","decl":{"start":{"line":32,"column":17},"end":{"line":32,"column":18}},"loc":{"start":{"line":32,"column":31},"end":{"line":38,"column":5}},"line":32}},"branchMap":{"0":{"loc":{"start":{"line":9,"column":16},"end":{"line":9,"column":27}},"type":"default-arg","locations":[{"start":{"line":9,"column":25},"end":{"line":9,"column":27}}],"line":9},"1":{"loc":{"start":{"line":14,"column":3},"end":{"line":15,"column":65}},"type":"if","locations":[{"start":{"line":14,"column":3},"end":{"line":15,"column":65}},{"start":{"line":14,"column":3},"end":{"line":15,"column":65}}],"line":14},"2":{"loc":{"start":{"line":18,"column":4},"end":{"line":19,"column":65}},"type":"if","locations":[{"start":{"line":18,"column":4},"end":{"line":19,"column":65}},{"start":{"line":18,"column":4},"end":{"line":19,"column":65}}],"line":18},"3":{"loc":{"start":{"line":35,"column":8},"end":{"line":36,"column":79}},"type":"if","locations":[{"start":{"line":35,"column":8},"end":{"line":36,"column":79}},{"start":{"line":35,"column":8},"end":{"line":36,"column":79}}],"line":35}},"s":{"0":7,"1":7,"2":7,"3":1,"4":7,"5":10,"6":7,"7":3,"8":1,"9":2,"10":2,"11":1,"12":1,"13":7,"14":1,"15":7,"16":2,"17":2,"18":1,"19":1,"20":7},"f":{"0":7,"1":1,"2":10,"3":3,"4":1,"5":2},"b":{"0":[0],"1":[1,2],"2":[1,1],"3":[1,1]},"_coverageSchema":"332fd63041d2c1bcb487cc26dd0d5f7d97098a6c","hash":"1180054d59d843c2c760305308438e51a846a94a"}
,"/home/rhavel/Documentos/Personal Projects/node-study/Curso Udemy - Node TDD/seubarriga/src/services/balance.js": {"path":"/home/rhavel/Documentos/Personal Projects/node-study/Curso Udemy - Node TDD/seubarriga/src/services/balance.js","statementMap":{"0":{"start":{"line":1,"column":0},"end":{"line":21,"column":2}},"1":{"start":{"line":3,"column":21},"end":{"line":17,"column":5}},"2":{"start":{"line":10,"column":8},"end":{"line":16,"column":31}},"3":{"start":{"line":19,"column":4},"end":{"line":19,"column":24}}},"fnMap":{"0":{"name":"(anonymous_0)","decl":{"start":{"line":1,"column":17},"end":{"line":1,"column":18}},"loc":{"start":{"line":1,"column":26},"end":{"line":21,"column":1}},"line":1},"1":{"name":"(anonymous_1)","decl":{"start":{"line":3,"column":21},"end":{"line":3,"column":22}},"loc":{"start":{"line":3,"column":33},"end":{"line":17,"column":5}},"line":3}},"branchMap":{},"s":{"0":7,"1":7,"2":10,"3":7},"f":{"0":7,"1":10},"b":{},"_coverageSchema":"332fd63041d2c1bcb487cc26dd0d5f7d97098a6c","hash":"1938b6615620c018408e0245a93b4663ea5dabd9"}
,"/home/rhavel/Documentos/Personal Projects/node-study/Curso Udemy - Node TDD/seubarriga/src/services/transaction.js": {"path":"/home/rhavel/Documentos/Personal Projects/node-study/Curso Udemy - Node TDD/seubarriga/src/services/transaction.js","statementMap":{"0":{"start":{"line":1,"column":25},"end":{"line":1,"column":61}},"1":{"start":{"line":3,"column":0},"end":{"line":51,"column":2}},"2":{"start":{"line":6,"column":15},"end":{"line":12,"column":3}},"3":{"start":{"line":7,"column":3},"end":{"line":11,"column":14}},"4":{"start":{"line":14,"column":18},"end":{"line":16,"column":3}},"5":{"start":{"line":15,"column":4},"end":{"line":15,"column":65}},"6":{"start":{"line":18,"column":15},"end":{"line":39,"column":3}},"7":{"start":{"line":20,"column":4},"end":{"line":21,"column":71}},"8":{"start":{"line":21,"column":5},"end":{"line":21,"column":71}},"9":{"start":{"line":22,"column":4},"end":{"line":23,"column":67}},"10":{"start":{"line":23,"column":5},"end":{"line":23,"column":67}},"11":{"start":{"line":24,"column":4},"end":{"line":25,"column":66}},"12":{"start":{"line":25,"column":5},"end":{"line":25,"column":66}},"13":{"start":{"line":26,"column":4},"end":{"line":27,"column":67}},"14":{"start":{"line":27,"column":5},"end":{"line":27,"column":67}},"15":{"start":{"line":28,"column":4},"end":{"line":29,"column":66}},"16":{"start":{"line":29,"column":5},"end":{"line":29,"column":66}},"17":{"start":{"line":30,"column":4},"end":{"line":31,"column":49}},"18":{"start":{"line":31,"column":5},"end":{"line":31,"column":49}},"19":{"start":{"line":33,"column":4},"end":{"line":36,"column":5}},"20":{"start":{"line":35,"column":6},"end":{"line":35,"column":32}},"21":{"start":{"line":38,"column":4},"end":{"line":38,"column":59}},"22":{"start":{"line":41,"column":17},"end":{"line":43,"column":3}},"23":{"start":{"line":42,"column":4},"end":{"line":42,"column":86}},"24":{"start":{"line":45,"column":17},"end":{"line":47,"column":3}},"25":{"start":{"line":46,"column":4},"end":{"line":46,"column":67}},"26":{"start":{"line":49,"column":2},"end":{"line":49,"column":47}}},"fnMap":{"0":{"name":"(anonymous_0)","decl":{"start":{"line":3,"column":17},"end":{"line":3,"column":18}},"loc":{"start":{"line":3,"column":26},"end":{"line":51,"column":1}},"line":3},"1":{"name":"(anonymous_1)","decl":{"start":{"line":6,"column":15},"end":{"line":6,"column":16}},"loc":{"start":{"line":6,"column":40},"end":{"line":12,"column":3}},"line":6},"2":{"name":"(anonymous_2)","decl":{"start":{"line":14,"column":18},"end":{"line":14,"column":19}},"loc":{"start":{"line":14,"column":35},"end":{"line":16,"column":3}},"line":14},"3":{"name":"(anonymous_3)","decl":{"start":{"line":18,"column":15},"end":{"line":18,"column":16}},"loc":{"start":{"line":18,"column":32},"end":{"line":39,"column":3}},"line":18},"4":{"name":"(anonymous_4)","decl":{"start":{"line":41,"column":17},"end":{"line":41,"column":18}},"loc":{"start":{"line":41,"column":49},"end":{"line":43,"column":3}},"line":41},"5":{"name":"(anonymous_5)","decl":{"start":{"line":45,"column":17},"end":{"line":45,"column":18}},"loc":{"start":{"line":45,"column":36},"end":{"line":47,"column":3}},"line":45}},"branchMap":{"0":{"loc":{"start":{"line":6,"column":24},"end":{"line":6,"column":35}},"type":"default-arg","locations":[{"start":{"line":6,"column":33},"end":{"line":6,"column":35}}],"line":6},"1":{"loc":{"start":{"line":14,"column":19},"end":{"line":14,"column":30}},"type":"default-arg","locations":[{"start":{"line":14,"column":28},"end":{"line":14,"column":30}}],"line":14},"2":{"loc":{"start":{"line":20,"column":4},"end":{"line":21,"column":71}},"type":"if","locations":[{"start":{"line":20,"column":4},"end":{"line":21,"column":71}},{"start":{"line":20,"column":4},"end":{"line":21,"column":71}}],"line":20},"3":{"loc":{"start":{"line":22,"column":4},"end":{"line":23,"column":67}},"type":"if","locations":[{"start":{"line":22,"column":4},"end":{"line":23,"column":67}},{"start":{"line":22,"column":4},"end":{"line":23,"column":67}}],"line":22},"4":{"loc":{"start":{"line":24,"column":4},"end":{"line":25,"column":66}},"type":"if","locations":[{"start":{"line":24,"column":4},"end":{"line":25,"column":66}},{"start":{"line":24,"column":4},"end":{"line":25,"column":66}}],"line":24},"5":{"loc":{"start":{"line":26,"column":4},"end":{"line":27,"column":67}},"type":"if","locations":[{"start":{"line":26,"column":4},"end":{"line":27,"column":67}},{"start":{"line":26,"column":4},"end":{"line":27,"column":67}}],"line":26},"6":{"loc":{"start":{"line":28,"column":4},"end":{"line":29,"column":66}},"type":"if","locations":[{"start":{"line":28,"column":4},"end":{"line":29,"column":66}},{"start":{"line":28,"column":4},"end":{"line":29,"column":66}}],"line":28},"7":{"loc":{"start":{"line":30,"column":4},"end":{"line":31,"column":49}},"type":"if","locations":[{"start":{"line":30,"column":4},"end":{"line":31,"column":49}},{"start":{"line":30,"column":4},"end":{"line":31,"column":49}}],"line":30},"8":{"loc":{"start":{"line":30,"column":8},"end":{"line":30,"column":58}},"type":"binary-expr","locations":[{"start":{"line":30,"column":8},"end":{"line":30,"column":31}},{"start":{"line":30,"column":35},"end":{"line":30,"column":58}}],"line":30},"9":{"loc":{"start":{"line":33,"column":4},"end":{"line":36,"column":5}},"type":"if","locations":[{"start":{"line":33,"column":4},"end":{"line":36,"column":5}},{"start":{"line":33,"column":4},"end":{"line":36,"column":5}}],"line":33},"10":{"loc":{"start":{"line":33,"column":8},"end":{"line":34,"column":58}},"type":"binary-expr","locations":[{"start":{"line":33,"column":9},"end":{"line":33,"column":32}},{"start":{"line":33,"column":36},"end":{"line":33,"column":59}},{"start":{"line":34,"column":7},"end":{"line":34,"column":30}},{"start":{"line":34,"column":34},"end":{"line":34,"column":57}}],"line":33}},"s":{"0":7,"1":7,"2":7,"3":5,"4":7,"5":3,"6":7,"7":16,"8":1,"9":15,"10":1,"11":14,"12":1,"13":13,"14":1,"15":12,"16":1,"17":11,"18":1,"19":10,"20":5,"21":10,"22":7,"23":1,"24":7,"25":1,"26":7},"f":{"0":7,"1":5,"2":3,"3":16,"4":1,"5":1},"b":{"0":[1],"1":[0],"2":[1,15],"3":[1,14],"4":[1,13],"5":[1,12],"6":[1,11],"7":[1,10],"8":[11,5],"9":[5,5],"10":[10,6,9,4]},"_coverageSchema":"332fd63041d2c1bcb487cc26dd0d5f7d97098a6c","hash":"cbf94a173222f588ed64f120bc2979e982803a35"}
,"/home/rhavel/Documentos/Personal Projects/node-study/Curso Udemy - Node TDD/seubarriga/src/services/transfer.js": {"path":"/home/rhavel/Documentos/Personal Projects/node-study/Curso Udemy - Node TDD/seubarriga/src/services/transfer.js","statementMap":{"0":{"start":{"line":1,"column":24},"end":{"line":1,"column":60}},"1":{"start":{"line":3,"column":0},"end":{"line":73,"column":2}},"2":{"start":{"line":5,"column":17},"end":{"line":7,"column":5}},"3":{"start":{"line":6,"column":6},"end":{"line":6,"column":56}},"4":{"start":{"line":9,"column":20},"end":{"line":11,"column":5}},"5":{"start":{"line":10,"column":8},"end":{"line":10,"column":66}},"6":{"start":{"line":14,"column":21},"end":{"line":34,"column":5}},"7":{"start":{"line":15,"column":8},"end":{"line":16,"column":77}},"8":{"start":{"line":16,"column":12},"end":{"line":16,"column":77}},"9":{"start":{"line":17,"column":8},"end":{"line":18,"column":73}},"10":{"start":{"line":18,"column":12},"end":{"line":18,"column":73}},"11":{"start":{"line":19,"column":8},"end":{"line":20,"column":72}},"12":{"start":{"line":20,"column":12},"end":{"line":20,"column":72}},"13":{"start":{"line":21,"column":8},"end":{"line":22,"column":83}},"14":{"start":{"line":22,"column":12},"end":{"line":22,"column":83}},"15":{"start":{"line":23,"column":8},"end":{"line":24,"column":84}},"16":{"start":{"line":24,"column":12},"end":{"line":24,"column":84}},"17":{"start":{"line":25,"column":8},"end":{"line":26,"column":95}},"18":{"start":{"line":26,"column":12},"end":{"line":26,"column":95}},"19":{"start":{"line":28,"column":25},"end":{"line":28,"column":108}},"20":{"start":{"line":29,"column":8},"end":{"line":33,"column":11}},"21":{"start":{"line":30,"column":12},"end":{"line":32,"column":13}},"22":{"start":{"line":31,"column":16},"end":{"line":31,"column":85}},"23":{"start":{"line":36,"column":17},"end":{"line":49,"column":5}},"24":{"start":{"line":38,"column":22},"end":{"line":38,"column":69}},"25":{"start":{"line":39,"column":24},"end":{"line":39,"column":35}},"26":{"start":{"line":41,"column":29},"end":{"line":46,"column":9}},"27":{"start":{"line":47,"column":8},"end":{"line":47,"column":58}},"28":{"start":{"line":48,"column":8},"end":{"line":48,"column":21}},"29":{"start":{"line":51,"column":19},"end":{"line":64,"column":5}},"30":{"start":{"line":53,"column":23},"end":{"line":53,"column":82}},"31":{"start":{"line":55,"column":29},"end":{"line":60,"column":9}},"32":{"start":{"line":61,"column":8},"end":{"line":61,"column":68}},"33":{"start":{"line":62,"column":8},"end":{"line":62,"column":58}},"34":{"start":{"line":63,"column":8},"end":{"line":63,"column":22}},"35":{"start":{"line":66,"column":19},"end":{"line":69,"column":5}},"36":{"start":{"line":67,"column":8},"end":{"line":67,"column":68}},"37":{"start":{"line":68,"column":8},"end":{"line":68,"column":53}},"38":{"start":{"line":71,"column":4},"end":{"line":71,"column":59}}},"fnMap":{"0":{"name":"(anonymous_0)","decl":{"start":{"line":3,"column":17},"end":{"line":3,"column":18}},"loc":{"start":{"line":3,"column":26},"end":{"line":73,"column":1}},"line":3},"1":{"name":"(anonymous_1)","decl":{"start":{"line":5,"column":17},"end":{"line":5,"column":18}},"loc":{"start":{"line":5,"column":34},"end":{"line":7,"column":5}},"line":5},"2":{"name":"(anonymous_2)","decl":{"start":{"line":9,"column":20},"end":{"line":9,"column":21}},"loc":{"start":{"line":9,"column":37},"end":{"line":11,"column":5}},"line":9},"3":{"name":"(anonymous_3)","decl":{"start":{"line":14,"column":21},"end":{"line":14,"column":22}},"loc":{"start":{"line":14,"column":41},"end":{"line":34,"column":5}},"line":14},"4":{"name":"(anonymous_4)","decl":{"start":{"line":29,"column":25},"end":{"line":29,"column":26}},"loc":{"start":{"line":29,"column":32},"end":{"line":33,"column":9}},"line":29},"5":{"name":"(anonymous_5)","decl":{"start":{"line":36,"column":17},"end":{"line":36,"column":18}},"loc":{"start":{"line":36,"column":37},"end":{"line":49,"column":5}},"line":36},"6":{"name":"(anonymous_6)","decl":{"start":{"line":51,"column":19},"end":{"line":51,"column":20}},"loc":{"start":{"line":51,"column":43},"end":{"line":64,"column":5}},"line":51},"7":{"name":"(anonymous_7)","decl":{"start":{"line":66,"column":19},"end":{"line":66,"column":20}},"loc":{"start":{"line":66,"column":33},"end":{"line":69,"column":5}},"line":66}},"branchMap":{"0":{"loc":{"start":{"line":5,"column":18},"end":{"line":5,"column":29}},"type":"default-arg","locations":[{"start":{"line":5,"column":27},"end":{"line":5,"column":29}}],"line":5},"1":{"loc":{"start":{"line":9,"column":21},"end":{"line":9,"column":32}},"type":"default-arg","locations":[{"start":{"line":9,"column":30},"end":{"line":9,"column":32}}],"line":9},"2":{"loc":{"start":{"line":15,"column":8},"end":{"line":16,"column":77}},"type":"if","locations":[{"start":{"line":15,"column":8},"end":{"line":16,"column":77}},{"start":{"line":15,"column":8},"end":{"line":16,"column":77}}],"line":15},"3":{"loc":{"start":{"line":17,"column":8},"end":{"line":18,"column":73}},"type":"if","locations":[{"start":{"line":17,"column":8},"end":{"line":18,"column":73}},{"start":{"line":17,"column":8},"end":{"line":18,"column":73}}],"line":17},"4":{"loc":{"start":{"line":19,"column":8},"end":{"line":20,"column":72}},"type":"if","locations":[{"start":{"line":19,"column":8},"end":{"line":20,"column":72}},{"start":{"line":19,"column":8},"end":{"line":20,"column":72}}],"line":19},"5":{"loc":{"start":{"line":21,"column":8},"end":{"line":22,"column":83}},"type":"if","locations":[{"start":{"line":21,"column":8},"end":{"line":22,"column":83}},{"start":{"line":21,"column":8},"end":{"line":22,"column":83}}],"line":21},"6":{"loc":{"start":{"line":23,"column":8},"end":{"line":24,"column":84}},"type":"if","locations":[{"start":{"line":23,"column":8},"end":{"line":24,"column":84}},{"start":{"line":23,"column":8},"end":{"line":24,"column":84}}],"line":23},"7":{"loc":{"start":{"line":25,"column":8},"end":{"line":26,"column":95}},"type":"if","locations":[{"start":{"line":25,"column":8},"end":{"line":26,"column":95}},{"start":{"line":25,"column":8},"end":{"line":26,"column":95}}],"line":25},"8":{"loc":{"start":{"line":30,"column":12},"end":{"line":32,"column":13}},"type":"if","locations":[{"start":{"line":30,"column":12},"end":{"line":32,"column":13}},{"start":{"line":30,"column":12},"end":{"line":32,"column":13}}],"line":30}},"s":{"0":7,"1":7,"2":7,"3":1,"4":7,"5":12,"6":7,"7":18,"8":2,"9":16,"10":2,"11":14,"12":2,"13":12,"14":2,"15":10,"16":2,"17":8,"18":2,"19":6,"20":6,"21":12,"22":2,"23":7,"24":3,"25":3,"26":3,"27":3,"28":3,"29":7,"30":1,"31":1,"32":1,"33":1,"34":1,"35":7,"36":1,"37":1,"38":7},"f":{"0":7,"1":1,"2":12,"3":18,"4":12,"5":3,"6":1,"7":1},"b":{"0":[0],"1":[0],"2":[2,16],"3":[2,14],"4":[2,12],"5":[2,10],"6":[2,8],"7":[2,6],"8":[2,10]},"_coverageSchema":"332fd63041d2c1bcb487cc26dd0d5f7d97098a6c","hash":"b4f039740dadacef0341b39a3386cf4e7f278b08"}
,"/home/rhavel/Documentos/Personal Projects/node-study/Curso Udemy - Node TDD/seubarriga/src/services/user.js": {"path":"/home/rhavel/Documentos/Personal Projects/node-study/Curso Udemy - Node TDD/seubarriga/src/services/user.js","statementMap":{"0":{"start":{"line":1,"column":24},"end":{"line":1,"column":60}},"1":{"start":{"line":2,"column":15},"end":{"line":2,"column":39}},"2":{"start":{"line":4,"column":0},"end":{"line":43,"column":2}},"3":{"start":{"line":6,"column":17},"end":{"line":8,"column":2}},"4":{"start":{"line":7,"column":2},"end":{"line":7,"column":56}},"5":{"start":{"line":10,"column":17},"end":{"line":12,"column":2}},"6":{"start":{"line":11,"column":2},"end":{"line":11,"column":47}},"7":{"start":{"line":14,"column":25},"end":{"line":17,"column":4}},"8":{"start":{"line":15,"column":18},"end":{"line":15,"column":40}},"9":{"start":{"line":16,"column":5},"end":{"line":16,"column":44}},"10":{"start":{"line":19,"column":14},"end":{"line":40,"column":2}},"11":{"start":{"line":21,"column":2},"end":{"line":22,"column":63}},"12":{"start":{"line":22,"column":3},"end":{"line":22,"column":63}},"13":{"start":{"line":23,"column":2},"end":{"line":24,"column":64}},"14":{"start":{"line":24,"column":3},"end":{"line":24,"column":64}},"15":{"start":{"line":25,"column":2},"end":{"line":26,"column":64}},"16":{"start":{"line":26,"column":3},"end":{"line":26,"column":64}},"17":{"start":{"line":28,"column":17},"end":{"line":28,"column":50}},"18":{"start":{"line":29,"column":2},"end":{"line":30,"column":75}},"19":{"start":{"line":30,"column":3},"end":{"line":30,"column":75}},"20":{"start":{"line":33,"column":18},"end":{"line":33,"column":29}},"21":{"start":{"line":34,"column":5},"end":{"line":34,"column":55}},"22":{"start":{"line":36,"column":2},"end":{"line":36,"column":75}},"23":{"start":{"line":42,"column":1},"end":{"line":42,"column":35}}},"fnMap":{"0":{"name":"(anonymous_0)","decl":{"start":{"line":4,"column":17},"end":{"line":4,"column":18}},"loc":{"start":{"line":4,"column":24},"end":{"line":43,"column":1}},"line":4},"1":{"name":"(anonymous_1)","decl":{"start":{"line":6,"column":17},"end":{"line":6,"column":18}},"loc":{"start":{"line":6,"column":23},"end":{"line":8,"column":2}},"line":6},"2":{"name":"(anonymous_2)","decl":{"start":{"line":10,"column":17},"end":{"line":10,"column":18}},"loc":{"start":{"line":10,"column":34},"end":{"line":12,"column":2}},"line":10},"3":{"name":"(anonymous_3)","decl":{"start":{"line":14,"column":25},"end":{"line":14,"column":26}},"loc":{"start":{"line":14,"column":39},"end":{"line":17,"column":4}},"line":14},"4":{"name":"(anonymous_4)","decl":{"start":{"line":19,"column":14},"end":{"line":19,"column":15}},"loc":{"start":{"line":19,"column":30},"end":{"line":40,"column":2}},"line":19}},"branchMap":{"0":{"loc":{"start":{"line":10,"column":18},"end":{"line":10,"column":29}},"type":"default-arg","locations":[{"start":{"line":10,"column":27},"end":{"line":10,"column":29}}],"line":10},"1":{"loc":{"start":{"line":21,"column":2},"end":{"line":22,"column":63}},"type":"if","locations":[{"start":{"line":21,"column":2},"end":{"line":22,"column":63}},{"start":{"line":21,"column":2},"end":{"line":22,"column":63}}],"line":21},"2":{"loc":{"start":{"line":23,"column":2},"end":{"line":24,"column":64}},"type":"if","locations":[{"start":{"line":23,"column":2},"end":{"line":24,"column":64}},{"start":{"line":23,"column":2},"end":{"line":24,"column":64}}],"line":23},"3":{"loc":{"start":{"line":25,"column":2},"end":{"line":26,"column":64}},"type":"if","locations":[{"start":{"line":25,"column":2},"end":{"line":26,"column":64}},{"start":{"line":25,"column":2},"end":{"line":26,"column":64}}],"line":25},"4":{"loc":{"start":{"line":29,"column":2},"end":{"line":30,"column":75}},"type":"if","locations":[{"start":{"line":29,"column":2},"end":{"line":30,"column":75}},{"start":{"line":29,"column":2},"end":{"line":30,"column":75}}],"line":29}},"s":{"0":7,"1":7,"2":7,"3":7,"4":1,"5":7,"6":84,"7":7,"8":8,"9":8,"10":7,"11":12,"12":1,"13":11,"14":1,"15":10,"16":1,"17":9,"18":9,"19":1,"20":8,"21":8,"22":8,"23":7},"f":{"0":7,"1":1,"2":84,"3":8,"4":12},"b":{"0":[0],"1":[1,11],"2":[1,10],"3":[1,9],"4":[1,8]},"_coverageSchema":"332fd63041d2c1bcb487cc26dd0d5f7d97098a6c","hash":"65260a3574d83ccf6860e7593b764069a327efe0"}
}
