TN:
SF:/home/rhavel/Documentos/Personal Projects/node-study/Curso Udemy - Node TDD/seubarriga/knexfile.js
FNF:0
FNH:0
DA:2,7
LF:1
LH:1
BRF:0
BRH:0
end_of_record
TN:
SF:/home/rhavel/Documentos/Personal Projects/node-study/Curso Udemy - Node TDD/seubarriga/src/app.js
FN:33,(anonymous_0)
FN:49,(anonymous_1)
FNF:2
FNH:2
FNDA:1,(anonymous_0)
FNDA:34,(anonymous_1)
DA:3,7
DA:12,7
DA:14,7
DA:15,7
DA:23,7
DA:25,7
DA:33,7
DA:34,1
DA:49,7
DA:50,34
DA:51,34
DA:53,29
DA:54,34
DA:55,5
DA:61,29
DA:62,5
DA:66,7
LF:17
LH:17
BRDA:51,0,0,29
BRDA:51,0,1,5
BRDA:54,1,0,5
BRDA:54,1,1,29
BRF:4
BRH:4
end_of_record
TN:
SF:/home/rhavel/Documentos/Personal Projects/node-study/Curso Udemy - Node TDD/seubarriga/src/config/midllewares.js
FN:4,(anonymous_0)
FNF:1
FNH:1
FNDA:7,(anonymous_0)
DA:2,7
DA:4,7
DA:5,7
LF:3
LH:3
BRF:0
BRH:0
end_of_record
TN:
SF:/home/rhavel/Documentos/Personal Projects/node-study/Curso Udemy - Node TDD/seubarriga/src/config/passport.js
FN:9,(anonymous_0)
FN:18,(anonymous_1)
FN:20,(anonymous_2)
FN:25,(anonymous_3)
FN:33,(anonymous_4)
FNF:5
FNH:4
FNDA:7,(anonymous_0)
FNDA:71,(anonymous_1)
FNDA:71,(anonymous_2)
FNDA:0,(anonymous_3)
FNDA:7,(anonymous_4)
DA:1,7
DA:2,7
DA:4,7
DA:6,7
DA:9,7
DA:11,7
DA:18,7
DA:19,71
DA:21,71
DA:22,71
DA:24,0
DA:25,0
DA:29,7
DA:32,7
DA:34,7
LF:15
LH:13
BRDA:21,0,0,71
BRDA:21,0,1,0
BRF:2
BRH:1
end_of_record
TN:
SF:/home/rhavel/Documentos/Personal Projects/node-study/Curso Udemy - Node TDD/seubarriga/src/config/router.js
FN:3,(anonymous_0)
FNF:1
FNH:1
FNDA:7,(anonymous_0)
DA:1,7
DA:3,7
DA:6,7
DA:8,7
DA:10,7
DA:11,7
DA:12,7
DA:13,7
DA:14,7
DA:18,7
LF:10
LH:10
BRF:0
BRH:0
end_of_record
TN:
SF:/home/rhavel/Documentos/Personal Projects/node-study/Curso Udemy - Node TDD/seubarriga/src/errors/RecursoIndevidoError.js
FN:1,RecursoIndevidoError
FNF:1
FNH:1
FNDA:5,RecursoIndevidoError
DA:1,7
DA:2,5
DA:3,5
LF:3
LH:3
BRDA:1,0,0,5
BRF:1
BRH:1
end_of_record
TN:
SF:/home/rhavel/Documentos/Personal Projects/node-study/Curso Udemy - Node TDD/seubarriga/src/errors/ValidationError.js
FN:1,ValidationError
FNF:1
FNH:1
FNDA:29,ValidationError
DA:1,7
DA:2,29
DA:3,29
LF:3
LH:3
BRF:0
BRH:0
end_of_record
TN:
SF:/home/rhavel/Documentos/Personal Projects/node-study/Curso Udemy - Node TDD/seubarriga/src/routes/accounts.js
FN:4,(anonymous_0)
FN:12,(anonymous_1)
FN:14,(anonymous_2)
FN:20,(anonymous_3)
FN:23,(anonymous_4)
FN:25,(anonymous_5)
FN:27,(anonymous_6)
FN:30,(anonymous_7)
FN:32,(anonymous_8)
FN:33,(anonymous_9)
FN:36,(anonymous_10)
FN:38,(anonymous_11)
FN:39,(anonymous_12)
FN:42,(anonymous_13)
FN:44,(anonymous_14)
FN:45,(anonymous_15)
FN:49,(anonymous_16)
FN:51,(anonymous_17)
FN:52,(anonymous_18)
FNF:19
FNH:16
FNDA:7,(anonymous_0)
FNDA:7,(anonymous_1)
FNDA:7,(anonymous_2)
FNDA:3,(anonymous_3)
FNDA:3,(anonymous_4)
FNDA:1,(anonymous_5)
FNDA:2,(anonymous_6)
FNDA:1,(anonymous_7)
FNDA:1,(anonymous_8)
FNDA:0,(anonymous_9)
FNDA:1,(anonymous_10)
FNDA:1,(anonymous_11)
FNDA:0,(anonymous_12)
FNDA:1,(anonymous_13)
FNDA:1,(anonymous_14)
FNDA:0,(anonymous_15)
FNDA:2,(anonymous_16)
FNDA:1,(anonymous_17)
FNDA:1,(anonymous_18)
DA:1,7
DA:2,7
DA:4,7
DA:6,7
DA:12,7
DA:13,7
DA:17,7
DA:18,3
DA:19,4
DA:20,3
DA:23,7
DA:24,3
DA:26,1
DA:27,2
DA:30,7
DA:31,1
DA:32,1
DA:33,0
DA:36,7
DA:37,1
DA:38,1
DA:39,0
DA:42,7
DA:43,1
DA:44,1
DA:45,0
DA:49,7
DA:50,2
DA:51,1
DA:52,1
DA:55,7
LF:31
LH:28
BRDA:17,0,0,3
BRDA:17,0,1,4
BRF:2
BRH:2
end_of_record
TN:
SF:/home/rhavel/Documentos/Personal Projects/node-study/Curso Udemy - Node TDD/seubarriga/src/routes/auth.js
FN:9,(anonymous_0)
FN:13,(anonymous_1)
FN:15,(anonymous_2)
FN:32,(anonymous_3)
FN:35,(anonymous_4)
FNF:5
FNH:5
FNDA:7,(anonymous_0)
FNDA:3,(anonymous_1)
FNDA:3,(anonymous_2)
FNDA:2,(anonymous_3)
FNDA:1,(anonymous_4)
DA:1,7
DA:2,7
DA:3,7
DA:4,7
DA:7,7
DA:9,7
DA:11,7
DA:13,7
DA:14,3
DA:16,3
DA:17,1
DA:18,2
DA:19,1
DA:27,1
DA:28,1
DA:30,1
DA:32,2
DA:35,7
DA:36,1
DA:37,1
DA:38,1
DA:40,0
DA:52,7
LF:23
LH:22
BRDA:16,0,0,1
BRDA:16,0,1,2
BRDA:18,1,0,1
BRDA:18,1,1,1
BRF:4
BRH:4
end_of_record
TN:
SF:/home/rhavel/Documentos/Personal Projects/node-study/Curso Udemy - Node TDD/seubarriga/src/routes/balances.js
FN:3,(anonymous_0)
FN:7,(anonymous_1)
FN:9,(anonymous_2)
FN:10,(anonymous_3)
FNF:4
FNH:3
FNDA:7,(anonymous_0)
FNDA:10,(anonymous_1)
FNDA:10,(anonymous_2)
FNDA:0,(anonymous_3)
DA:1,7
DA:3,7
DA:5,7
DA:7,7
DA:8,10
DA:9,10
DA:10,0
DA:13,7
LF:8
LH:7
BRF:0
BRH:0
end_of_record
TN:
SF:/home/rhavel/Documentos/Personal Projects/node-study/Curso Udemy - Node TDD/seubarriga/src/routes/transactions.js
FN:4,(anonymous_0)
FN:8,(anonymous_1)
FN:10,(anonymous_2)
FN:11,(anonymous_3)
FN:14,(anonymous_4)
FN:16,(anonymous_5)
FN:17,(anonymous_6)
FN:24,(anonymous_7)
FN:26,(anonymous_8)
FN:29,(anonymous_9)
FN:32,(anonymous_10)
FN:34,(anonymous_11)
FN:35,(anonymous_12)
FN:38,(anonymous_13)
FN:40,(anonymous_14)
FN:41,(anonymous_15)
FN:44,(anonymous_16)
FN:46,(anonymous_17)
FN:47,(anonymous_18)
FNF:19
FNH:14
FNDA:7,(anonymous_0)
FNDA:1,(anonymous_1)
FNDA:1,(anonymous_2)
FNDA:0,(anonymous_3)
FNDA:16,(anonymous_4)
FNDA:10,(anonymous_5)
FNDA:0,(anonymous_6)
FNDA:4,(anonymous_7)
FNDA:4,(anonymous_8)
FNDA:1,(anonymous_9)
FNDA:1,(anonymous_10)
FNDA:1,(anonymous_11)
FNDA:0,(anonymous_12)
FNDA:1,(anonymous_13)
FNDA:1,(anonymous_14)
FNDA:0,(anonymous_15)
FNDA:1,(anonymous_16)
FNDA:1,(anonymous_17)
FNDA:0,(anonymous_18)
DA:1,7
DA:2,7
DA:4,7
DA:6,7
DA:8,7
DA:9,1
DA:10,1
DA:11,0
DA:14,7
DA:15,16
DA:16,10
DA:17,0
DA:24,7
DA:25,4
DA:27,4
DA:28,1
DA:29,1
DA:32,7
DA:33,1
DA:34,1
DA:35,0
DA:38,7
DA:39,1
DA:40,1
DA:41,0
DA:44,7
DA:45,1
DA:46,1
DA:47,0
DA:50,7
LF:30
LH:25
BRDA:27,0,0,3
BRDA:27,0,1,1
BRF:2
BRH:2
end_of_record
TN:
SF:/home/rhavel/Documentos/Personal Projects/node-study/Curso Udemy - Node TDD/seubarriga/src/routes/transfers.js
FN:4,(anonymous_0)
FN:8,(anonymous_1)
FN:10,(anonymous_2)
FN:13,(anonymous_3)
FN:17,(anonymous_4)
FN:20,(anonymous_5)
FN:21,(anonymous_6)
FN:24,(anonymous_7)
FN:26,(anonymous_8)
FN:27,(anonymous_9)
FN:31,(anonymous_10)
FN:34,(anonymous_11)
FN:35,(anonymous_12)
FN:38,(anonymous_13)
FN:40,(anonymous_14)
FN:41,(anonymous_15)
FN:45,(anonymous_16)
FN:48,(anonymous_17)
FN:49,(anonymous_18)
FN:52,(anonymous_19)
FN:54,(anonymous_20)
FN:55,(anonymous_21)
FNF:22
FNH:17
FNDA:7,(anonymous_0)
FNDA:11,(anonymous_1)
FNDA:11,(anonymous_2)
FNDA:1,(anonymous_3)
FNDA:18,(anonymous_4)
FNDA:4,(anonymous_5)
FNDA:14,(anonymous_6)
FNDA:1,(anonymous_7)
FNDA:1,(anonymous_8)
FNDA:0,(anonymous_9)
FNDA:3,(anonymous_10)
FNDA:3,(anonymous_11)
FNDA:0,(anonymous_12)
FNDA:1,(anonymous_13)
FNDA:1,(anonymous_14)
FNDA:0,(anonymous_15)
FNDA:1,(anonymous_16)
FNDA:1,(anonymous_17)
FNDA:0,(anonymous_18)
FNDA:1,(anonymous_19)
FNDA:1,(anonymous_20)
FNDA:0,(anonymous_21)
DA:1,7
DA:2,7
DA:4,7
DA:6,7
DA:8,7
DA:9,11
DA:11,11
DA:12,10
DA:13,1
DA:17,7
DA:19,18
DA:20,4
DA:21,14
DA:24,7
DA:25,1
DA:26,1
DA:27,0
DA:31,7
DA:32,3
DA:33,3
DA:34,3
DA:35,0
DA:38,7
DA:39,1
DA:40,1
DA:41,0
DA:45,7
DA:47,1
DA:48,1
DA:49,0
DA:52,7
DA:53,1
DA:54,1
DA:55,0
DA:58,7
LF:35
LH:30
BRDA:11,0,0,1
BRDA:11,0,1,10
BRF:2
BRH:2
end_of_record
TN:
SF:/home/rhavel/Documentos/Personal Projects/node-study/Curso Udemy - Node TDD/seubarriga/src/routes/users.js
FN:4,(anonymous_0)
FN:8,(anonymous_1)
FN:10,(anonymous_2)
FN:13,(anonymous_3)
FN:18,(anonymous_4)
FN:20,(anonymous_5)
FN:23,(anonymous_6)
FN:28,(anonymous_7)
FNF:8
FNH:4
FNDA:7,(anonymous_0)
FNDA:1,(anonymous_1)
FNDA:1,(anonymous_2)
FNDA:0,(anonymous_3)
FNDA:0,(anonymous_4)
FNDA:0,(anonymous_5)
FNDA:0,(anonymous_6)
FNDA:6,(anonymous_7)
DA:1,7
DA:4,7
DA:6,7
DA:8,7
DA:9,1
DA:11,1
DA:13,0
DA:18,7
DA:19,0
DA:21,0
DA:23,0
DA:28,7
DA:29,6
DA:30,6
DA:31,2
DA:33,4
DA:41,7
LF:17
LH:13
BRF:0
BRH:0
end_of_record
TN:
SF:/home/rhavel/Documentos/Personal Projects/node-study/Curso Udemy - Node TDD/seubarriga/src/seeds/01_transfer.js
FN:4,(anonymous_0)
FN:7,(anonymous_1)
FN:8,(anonymous_2)
FN:9,(anonymous_3)
FN:10,(anonymous_4)
FN:14,(anonymous_5)
FN:20,(anonymous_6)
FN:24,(anonymous_7)
FNF:8
FNH:8
FNDA:2,(anonymous_0)
FNDA:2,(anonymous_1)
FNDA:2,(anonymous_2)
FNDA:2,(anonymous_3)
FNDA:2,(anonymous_4)
FNDA:2,(anonymous_5)
FNDA:2,(anonymous_6)
FNDA:2,(anonymous_7)
DA:4,2
DA:6,2
DA:7,2
DA:8,2
DA:9,2
DA:10,2
DA:14,2
DA:20,2
DA:24,2
LF:9
LH:9
BRF:0
BRH:0
end_of_record
TN:
SF:/home/rhavel/Documentos/Personal Projects/node-study/Curso Udemy - Node TDD/seubarriga/src/seeds/02_balance.js
FN:3,(anonymous_0)
FN:9,(anonymous_1)
FN:16,(anonymous_2)
FN:19,(anonymous_3)
FNF:4
FNH:4
FNDA:2,(anonymous_0)
FNDA:2,(anonymous_1)
FNDA:2,(anonymous_2)
FNDA:2,(anonymous_3)
DA:1,2
DA:3,2
DA:5,2
DA:9,2
DA:16,2
DA:19,2
LF:6
LH:6
BRF:0
BRH:0
end_of_record
TN:
SF:/home/rhavel/Documentos/Personal Projects/node-study/Curso Udemy - Node TDD/seubarriga/src/services/account.js
FN:3,(anonymous_0)
FN:5,(anonymous_1)
FN:9,(anonymous_2)
FN:13,(anonymous_3)
FN:26,(anonymous_4)
FN:32,(anonymous_5)
FNF:6
FNH:6
FNDA:7,(anonymous_0)
FNDA:1,(anonymous_1)
FNDA:10,(anonymous_2)
FNDA:3,(anonymous_3)
FNDA:1,(anonymous_4)
FNDA:2,(anonymous_5)
DA:1,7
DA:3,7
DA:5,7
DA:6,1
DA:9,7
DA:10,10
DA:13,7
DA:14,3
DA:15,1
DA:17,2
DA:18,2
DA:19,1
DA:21,1
DA:26,7
DA:27,1
DA:32,7
DA:34,2
DA:35,2
DA:36,1
DA:37,1
DA:40,7
LF:21
LH:21
BRDA:9,0,0,0
BRDA:14,1,0,1
BRDA:14,1,1,2
BRDA:18,2,0,1
BRDA:18,2,1,1
BRDA:35,3,0,1
BRDA:35,3,1,1
BRF:7
BRH:6
end_of_record
TN:
SF:/home/rhavel/Documentos/Personal Projects/node-study/Curso Udemy - Node TDD/seubarriga/src/services/balance.js
FN:1,(anonymous_0)
FN:3,(anonymous_1)
FNF:2
FNH:2
FNDA:7,(anonymous_0)
FNDA:10,(anonymous_1)
DA:1,7
DA:3,7
DA:10,10
DA:19,7
LF:4
LH:4
BRF:0
BRH:0
end_of_record
TN:
SF:/home/rhavel/Documentos/Personal Projects/node-study/Curso Udemy - Node TDD/seubarriga/src/services/transaction.js
FN:3,(anonymous_0)
FN:6,(anonymous_1)
FN:14,(anonymous_2)
FN:18,(anonymous_3)
FN:41,(anonymous_4)
FN:45,(anonymous_5)
FNF:6
FNH:6
FNDA:7,(anonymous_0)
FNDA:5,(anonymous_1)
FNDA:3,(anonymous_2)
FNDA:16,(anonymous_3)
FNDA:1,(anonymous_4)
FNDA:1,(anonymous_5)
DA:1,7
DA:3,7
DA:6,7
DA:7,5
DA:14,7
DA:15,3
DA:18,7
DA:20,16
DA:21,1
DA:22,15
DA:23,1
DA:24,14
DA:25,1
DA:26,13
DA:27,1
DA:28,12
DA:29,1
DA:30,11
DA:31,1
DA:33,10
DA:35,5
DA:38,10
DA:41,7
DA:42,1
DA:45,7
DA:46,1
DA:49,7
LF:27
LH:27
BRDA:6,0,0,1
BRDA:14,1,0,0
BRDA:20,2,0,1
BRDA:20,2,1,15
BRDA:22,3,0,1
BRDA:22,3,1,14
BRDA:24,4,0,1
BRDA:24,4,1,13
BRDA:26,5,0,1
BRDA:26,5,1,12
BRDA:28,6,0,1
BRDA:28,6,1,11
BRDA:30,7,0,1
BRDA:30,7,1,10
BRDA:30,8,0,11
BRDA:30,8,1,5
BRDA:33,9,0,5
BRDA:33,9,1,5
BRDA:33,10,0,10
BRDA:33,10,1,6
BRDA:33,10,2,9
BRDA:33,10,3,4
BRF:22
BRH:21
end_of_record
TN:
SF:/home/rhavel/Documentos/Personal Projects/node-study/Curso Udemy - Node TDD/seubarriga/src/services/transfer.js
FN:3,(anonymous_0)
FN:5,(anonymous_1)
FN:9,(anonymous_2)
FN:14,(anonymous_3)
FN:29,(anonymous_4)
FN:36,(anonymous_5)
FN:51,(anonymous_6)
FN:66,(anonymous_7)
FNF:8
FNH:8
FNDA:7,(anonymous_0)
FNDA:1,(anonymous_1)
FNDA:12,(anonymous_2)
FNDA:18,(anonymous_3)
FNDA:12,(anonymous_4)
FNDA:3,(anonymous_5)
FNDA:1,(anonymous_6)
FNDA:1,(anonymous_7)
DA:1,7
DA:3,7
DA:5,7
DA:6,1
DA:9,7
DA:10,12
DA:14,7
DA:15,18
DA:16,2
DA:17,16
DA:18,2
DA:19,14
DA:20,2
DA:21,12
DA:22,2
DA:23,10
DA:24,2
DA:25,8
DA:26,2
DA:28,6
DA:29,6
DA:30,12
DA:31,2
DA:36,7
DA:38,3
DA:39,3
DA:41,3
DA:47,3
DA:48,3
DA:51,7
DA:53,1
DA:55,1
DA:61,1
DA:62,1
DA:63,1
DA:66,7
DA:67,1
DA:68,1
DA:71,7
LF:39
LH:39
BRDA:5,0,0,0
BRDA:9,1,0,0
BRDA:15,2,0,2
BRDA:15,2,1,16
BRDA:17,3,0,2
BRDA:17,3,1,14
BRDA:19,4,0,2
BRDA:19,4,1,12
BRDA:21,5,0,2
BRDA:21,5,1,10
BRDA:23,6,0,2
BRDA:23,6,1,8
BRDA:25,7,0,2
BRDA:25,7,1,6
BRDA:30,8,0,2
BRDA:30,8,1,10
BRF:16
BRH:14
end_of_record
TN:
SF:/home/rhavel/Documentos/Personal Projects/node-study/Curso Udemy - Node TDD/seubarriga/src/services/user.js
FN:4,(anonymous_0)
FN:6,(anonymous_1)
FN:10,(anonymous_2)
FN:14,(anonymous_3)
FN:19,(anonymous_4)
FNF:5
FNH:5
FNDA:7,(anonymous_0)
FNDA:1,(anonymous_1)
FNDA:84,(anonymous_2)
FNDA:8,(anonymous_3)
FNDA:12,(anonymous_4)
DA:1,7
DA:2,7
DA:4,7
DA:6,7
DA:7,1
DA:10,7
DA:11,84
DA:14,7
DA:15,8
DA:16,8
DA:19,7
DA:21,12
DA:22,1
DA:23,11
DA:24,1
DA:25,10
DA:26,1
DA:28,9
DA:29,9
DA:30,1
DA:33,8
DA:34,8
DA:36,8
DA:42,7
LF:24
LH:24
BRDA:10,0,0,0
BRDA:21,1,0,1
BRDA:21,1,1,11
BRDA:23,2,0,1
BRDA:23,2,1,10
BRDA:25,3,0,1
BRDA:25,3,1,9
BRDA:29,4,0,1
BRDA:29,4,1,8
BRF:9
BRH:8
end_of_record
